[debug] [2025-08-17T18:05:34.303Z] ----------------------------------------------------------------------
[debug] [2025-08-17T18:05:34.307Z] Command:       C:\Program Files\nodejs\node.exe C:\Users\gonca\AppData\Roaming\npm\node_modules\firebase-tools\lib\bin\firebase.js init hosting
[debug] [2025-08-17T18:05:34.307Z] CLI Version:   14.12.1
[debug] [2025-08-17T18:05:34.307Z] Platform:      win32
[debug] [2025-08-17T18:05:34.308Z] Node Version:  v20.11.0
[debug] [2025-08-17T18:05:34.308Z] Time:          Sun Aug 17 2025 19:05:34 GMT+0100 (Horário de Verão da Europa Ocidental)
[debug] [2025-08-17T18:05:34.308Z] ----------------------------------------------------------------------
[debug] 
[debug] [2025-08-17T18:05:34.600Z] > command requires scopes: ["email","openid","https://www.googleapis.com/auth/cloudplatformprojects.readonly","https://www.googleapis.com/auth/firebase","https://www.googleapis.com/auth/cloud-platform"]
[debug] [2025-08-17T18:05:34.600Z] > authorizing via signed-in user (goncalomurrinha14@gmail.com)
[info] 
     ######## #### ########  ######## ########     ###     ######  ########
     ##        ##  ##     ## ##       ##     ##  ##   ##  ##       ##
     ######    ##  ########  ######   ########  #########  ######  ######
     ##        ##  ##    ##  ##       ##     ## ##     ##       ## ##
     ##       #### ##     ## ######## ########  ##     ##  ######  ########

You're about to initialize a Firebase project in this directory:

  C:\Users\gonca\OneDrive\Ambiente de Trabalho\gallery

Before we get started, keep in mind:

  * You are initializing within an existing Firebase project directory

[info] 
=== Project Setup
[info] 
[info] First, let's associate this project directory with a Firebase project.
[info] You can create multiple project aliases by running firebase use --add, 
[info] but for now we'll just set up a default project.
[info] 
[debug] [2025-08-17T18:05:37.950Z] Using project from CLI flag: vanfer-ab962
[debug] [2025-08-17T18:05:37.951Z] Checked if tokens are valid: false, expires at: 1755451253548
[debug] [2025-08-17T18:05:37.952Z] Checked if tokens are valid: false, expires at: 1755451253548
[debug] [2025-08-17T18:05:37.952Z] > refreshing access token with scopes: []
[debug] [2025-08-17T18:05:37.954Z] >>> [apiv2][query] POST https://www.googleapis.com/oauth2/v3/token [none]
[debug] [2025-08-17T18:05:37.955Z] >>> [apiv2][body] POST https://www.googleapis.com/oauth2/v3/token [omitted]
[debug] [2025-08-17T18:05:38.165Z] <<< [apiv2][status] POST https://www.googleapis.com/oauth2/v3/token 200
[debug] [2025-08-17T18:05:38.165Z] <<< [apiv2][body] POST https://www.googleapis.com/oauth2/v3/token [omitted]
[debug] [2025-08-17T18:05:38.174Z] >>> [apiv2][query] GET https://firebase.googleapis.com/v1beta1/projects/vanfer-ab962 [none]
[debug] [2025-08-17T18:05:38.497Z] <<< [apiv2][status] GET https://firebase.googleapis.com/v1beta1/projects/vanfer-ab962 200
[debug] [2025-08-17T18:05:38.497Z] <<< [apiv2][body] GET https://firebase.googleapis.com/v1beta1/projects/vanfer-ab962 {"projectId":"vanfer-ab962","projectNumber":"1087701926696","displayName":"VanFer","name":"projects/vanfer-ab962","resources":{"hostingSite":"vanfer-ab962","realtimeDatabaseInstance":"vanfer-ab962-default-rtdb"},"state":"ACTIVE","etag":"1_d9f01579-04f6-46c8-a8b0-0e371619dfb9"}
[info] i  Using project vanfer-ab962 (VanFer) 
[info] 
=== Hosting Setup
[debug] [2025-08-17T18:05:38.631Z] Checked if tokens are valid: true, expires at: 1755457537166
[debug] [2025-08-17T18:05:38.632Z] Checked if tokens are valid: true, expires at: 1755457537166
[debug] [2025-08-17T18:05:38.632Z] >>> [apiv2][query] GET https://firebase.googleapis.com/v1beta1/projects/vanfer-ab962 [none]
[debug] [2025-08-17T18:05:38.864Z] <<< [apiv2][status] GET https://firebase.googleapis.com/v1beta1/projects/vanfer-ab962 200
[debug] [2025-08-17T18:05:38.864Z] <<< [apiv2][body] GET https://firebase.googleapis.com/v1beta1/projects/vanfer-ab962 {"projectId":"vanfer-ab962","projectNumber":"1087701926696","displayName":"VanFer","name":"projects/vanfer-ab962","resources":{"hostingSite":"vanfer-ab962","realtimeDatabaseInstance":"vanfer-ab962-default-rtdb"},"state":"ACTIVE","etag":"1_d9f01579-04f6-46c8-a8b0-0e371619dfb9"}
[info] 
[info] Your public directory is the folder (relative to your project directory) that
[info] will contain Hosting assets to be uploaded with firebase deploy. If you
[info] have a build process for your assets, use your build's output directory.
[info] 
[debug] [2025-08-17T18:05:48.209Z] >>> [apiv2][query] GET https://www.gstatic.com/firebasejs/releases.json [none]
[debug] [2025-08-17T18:05:48.308Z] <<< [apiv2][status] GET https://www.gstatic.com/firebasejs/releases.json 200
[debug] [2025-08-17T18:05:48.308Z] <<< [apiv2][body] GET https://www.gstatic.com/firebasejs/releases.json {"current":{"version":"12.1.0","browserURL":"https://www.gstatic.com/firebasejs/12.1.0/firebase.js","packageURL":"https://www.gstatic.com/firebasejs/12.1.0/firebase.tgz"},"live":{"version":"12.1","browserURL":"https://www.gstatic.com/firebasejs/live/12.1/firebase.js","packageURL":"https://www.gstatic.com/firebasejs/live/12.1/firebase.tgz"},"components":{"ai":"https://www.gstatic.com/firebasejs/12.1.0/firebase-ai.js","analytics":"https://www.gstatic.com/firebasejs/12.1.0/firebase-analytics.js","app":"https://www.gstatic.com/firebasejs/12.1.0/firebase-app.js","app-check":"https://www.gstatic.com/firebasejs/12.1.0/firebase-app-check.js","auth":"https://www.gstatic.com/firebasejs/12.1.0/firebase-auth.js","auth/cordova":"https://www.gstatic.com/firebasejs/12.1.0/firebase-auth/cordova.js","auth/web-extension":"https://www.gstatic.com/firebasejs/12.1.0/firebase-auth/web-extension.js","functions":"https://www.gstatic.com/firebasejs/12.1.0/firebase-functions.js","firestore":"https://www.gstatic.com/firebasejs/12.1.0/firebase-firestore.js","firestore/lite":"https://www.gstatic.com/firebasejs/12.1.0/firebase-firestore/lite.js","installations":"https://www.gstatic.com/firebasejs/12.1.0/firebase-installations.js","storage":"https://www.gstatic.com/firebasejs/12.1.0/firebase-storage.js","performance":"https://www.gstatic.com/firebasejs/12.1.0/firebase-performance.js","remote-config":"https://www.gstatic.com/firebasejs/12.1.0/firebase-remote-config.js","messaging":"https://www.gstatic.com/firebasejs/12.1.0/firebase-messaging.js","messaging/sw":"https://www.gstatic.com/firebasejs/12.1.0/firebase-messaging/sw.js","database":"https://www.gstatic.com/firebasejs/12.1.0/firebase-database.js","data-connect":"https://www.gstatic.com/firebasejs/12.1.0/firebase-data-connect.js","firestore.memory":"https://www.gstatic.com/firebasejs/12.1.0/firebase-firestore.memory.js"}}
[info] +  Wrote public/index.html 
[info] 
[info] i  Detected a .git folder at C:\Users\gonca\OneDrive\Ambiente de Trabalho\gallery 
[info] i  Authorizing with GitHub to upload your service account to a GitHub repository's secrets store. 
[info] 
[info] Visit this URL on this device to log in:
[info] https://github.com/login/oauth/authorize?client_id=89cf50f02ac6aaed3484&state=323321723&redirect_uri=http%3A%2F%2Flocalhost%3A9005&scope=read%3Auser%20repo%20public_repo
[info] 
[info] Waiting for authentication...
[debug] [2025-08-17T18:05:56.341Z] >>> [apiv2][query] POST https://github.com/login/oauth/access_token [none]
[debug] [2025-08-17T18:05:56.341Z] >>> [apiv2][body] POST https://github.com/login/oauth/access_token [stream]
[debug] [2025-08-17T18:05:56.749Z] <<< [apiv2][status] POST https://github.com/login/oauth/access_token 200
[debug] [2025-08-17T18:05:56.749Z] <<< [apiv2][body] POST https://github.com/login/oauth/access_token {"access_token":"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","token_type":"bearer","scope":"read:user,repo"}
[debug] [2025-08-17T18:05:56.754Z] >>> [apiv2][query] GET https://api.github.com/user [none]
[debug] [2025-08-17T18:05:57.126Z] <<< [apiv2][status] GET https://api.github.com/user 200
[debug] [2025-08-17T18:05:57.126Z] <<< [apiv2][body] GET https://api.github.com/user {"login":"GoncaloMurrinha","id":130867735,"node_id":"U_kgDOB8ziFw","avatar_url":"https://avatars.githubusercontent.com/u/130867735?v=4","gravatar_id":"","url":"https://api.github.com/users/GoncaloMurrinha","html_url":"https://github.com/GoncaloMurrinha","followers_url":"https://api.github.com/users/GoncaloMurrinha/followers","following_url":"https://api.github.com/users/GoncaloMurrinha/following{/other_user}","gists_url":"https://api.github.com/users/GoncaloMurrinha/gists{/gist_id}","starred_url":"https://api.github.com/users/GoncaloMurrinha/starred{/owner}{/repo}","subscriptions_url":"https://api.github.com/users/GoncaloMurrinha/subscriptions","organizations_url":"https://api.github.com/users/GoncaloMurrinha/orgs","repos_url":"https://api.github.com/users/GoncaloMurrinha/repos","events_url":"https://api.github.com/users/GoncaloMurrinha/events{/privacy}","received_events_url":"https://api.github.com/users/GoncaloMurrinha/received_events","type":"User","user_view_type":"private","site_admin":false,"name":"GoncaloMurrinha","company":null,"blog":"","location":null,"email":null,"hireable":null,"bio":null,"twitter_username":null,"notification_email":null,"public_repos":7,"public_gists":0,"followers":0,"following":0,"created_at":"2023-04-15T20:06:21Z","updated_at":"2025-08-17T13:01:05Z","private_gists":0,"total_private_repos":4,"owned_private_repos":4,"disk_usage":249394,"collaborators":3,"two_factor_authentication":false,"plan":{"name":"free","space":976562499,"collaborators":0,"private_repos":10000}}
[info] 
[info] +  Success! Logged into GitHub as GoncaloMurrinha 
[info] 
[debug] [2025-08-17T18:06:01.925Z] >>> [apiv2][query] GET https://api.github.com/repos//actions/secrets/public-key type=owner
[debug] [2025-08-17T18:06:02.076Z] <<< [apiv2][status] GET https://api.github.com/repos//actions/secrets/public-key 404
[debug] [2025-08-17T18:06:02.076Z] <<< [apiv2][body] GET https://api.github.com/repos//actions/secrets/public-key {"message":"Not Found","documentation_url":"https://docs.github.com/rest","status":"404"}
[info] 
[info] 
[error] !  The provided authorization cannot be used with this repository. If this repository is in an organization, did you remember to grant access? 
[info] 
[info] i  Action required: Visit this URL to ensure access has been granted to the appropriate organization(s) for the Firebase CLI GitHub OAuth App: 
[info] https://github.com/settings/connections/applications/89cf50f02ac6aaed3484
[info] 
[debug] [2025-08-17T18:06:06.867Z] >>> [apiv2][query] GET https://api.github.com/repos//actions/secrets/public-key type=owner
[debug] [2025-08-17T18:06:07.119Z] <<< [apiv2][status] GET https://api.github.com/repos//actions/secrets/public-key 404
[debug] [2025-08-17T18:06:07.119Z] <<< [apiv2][body] GET https://api.github.com/repos//actions/secrets/public-key {"message":"Not Found","documentation_url":"https://docs.github.com/rest","status":"404"}
[info] 
[info] 
[error] !  The provided authorization cannot be used with this repository. If this repository is in an organization, did you remember to grant access? 
[info] 
[info] i  Action required: Visit this URL to ensure access has been granted to the appropriate organization(s) for the Firebase CLI GitHub OAuth App: 
[info] https://github.com/settings/connections/applications/89cf50f02ac6aaed3484
[info] 
[debug] [2025-08-17T18:06:15.153Z] >>> [apiv2][query] GET https://api.github.com/repos//actions/secrets/public-key type=owner
[debug] [2025-08-17T18:06:15.406Z] <<< [apiv2][status] GET https://api.github.com/repos//actions/secrets/public-key 404
[debug] [2025-08-17T18:06:15.406Z] <<< [apiv2][body] GET https://api.github.com/repos//actions/secrets/public-key {"message":"Not Found","documentation_url":"https://docs.github.com/rest","status":"404"}
[info] 
[info] 
[error] !  The provided authorization cannot be used with this repository. If this repository is in an organization, did you remember to grant access? 
[info] 
[info] i  Action required: Visit this URL to ensure access has been granted to the appropriate organization(s) for the Firebase CLI GitHub OAuth App: 
[info] https://github.com/settings/connections/applications/89cf50f02ac6aaed3484
[info] 
