2025-11-22T18:36:02.453260Z  INFO tailwindcss_oxide::scanner: Provided sources:
2025-11-22T18:36:02.453301Z  INFO tailwindcss_oxide::scanner: Source: PublicSourceEntry { base: "/Users/tiago/Documents/Projetos/Vanessa/gallery", pattern: "**/*", negated: false }
2025-11-22T18:36:02.453349Z  INFO tailwindcss_oxide::scanner: Optimized sources:
2025-11-22T18:36:02.453354Z  INFO tailwindcss_oxide::scanner: Source: Auto { base: "/Users/tiago/Documents/Projetos/Vanessa/gallery" }
2025-11-22T18:36:02.454053Z  INFO scan_sources: tailwindcss_oxide::scanner: enter
2025-11-22T18:36:02.454345Z  INFO scan_sources: tailwindcss_oxide::scanner: Discovering "/Users/tiago/Documents/Projetos/Vanessa/gallery/firestore.rules"
2025-11-22T18:36:02.454388Z  INFO scan_sources: tailwindcss_oxide::scanner: Discovering "/Users/tiago/Documents/Projetos/Vanessa/gallery/.env.production"
2025-11-22T18:36:02.454405Z  INFO scan_sources: tailwindcss_oxide::scanner: Discovering "/Users/tiago/Documents/Projetos/Vanessa/gallery/storage.rules"
2025-11-22T18:36:02.454420Z  INFO scan_sources: tailwindcss_oxide::scanner: Discovering "/Users/tiago/Documents/Projetos/Vanessa/gallery/.env.local"
2025-11-22T18:36:02.454439Z  INFO scan_sources: tailwindcss_oxide::scanner: Discovering "/Users/tiago/Documents/Projetos/Vanessa/gallery/.firebase"
2025-11-22T18:36:02.454471Z  INFO scan_sources: tailwindcss_oxide::scanner: Discovering "/Users/tiago/Documents/Projetos/Vanessa/gallery/.firebase/gallery-e87e5"
2025-11-22T18:36:02.454492Z  INFO scan_sources: tailwindcss_oxide::scanner: Discovering "/Users/tiago/Documents/Projetos/Vanessa/gallery/.firebase/gallery-e87e5/functions"
2025-11-22T18:36:02.454514Z  INFO scan_sources: tailwindcss_oxide::scanner: Discovering "/Users/tiago/Documents/Projetos/Vanessa/gallery/.firebase/gallery-e87e5/functions/.env.local"
2025-11-22T18:36:02.454566Z  INFO scan_sources: tailwindcss_oxide::scanner: Discovering "/Users/tiago/Documents/Projetos/Vanessa/gallery/.firebase/gallery-e87e5/functions/.env"
2025-11-22T18:36:02.454582Z  INFO scan_sources: tailwindcss_oxide::scanner: Discovering "/Users/tiago/Documents/Projetos/Vanessa/gallery/postcss.config.mjs"
2025-11-22T18:36:02.454592Z  INFO scan_sources: tailwindcss_oxide::scanner: Discovering "/Users/tiago/Documents/Projetos/Vanessa/gallery/.firebaserc"
2025-11-22T18:36:02.454620Z  INFO scan_sources: tailwindcss_oxide::scanner: Discovering "/Users/tiago/Documents/Projetos/Vanessa/gallery/cors.json"
2025-11-22T18:36:02.454659Z  INFO scan_sources: tailwindcss_oxide::scanner: Discovering "/Users/tiago/Documents/Projetos/Vanessa/gallery/setupTests.ts"
2025-11-22T18:36:02.454667Z  INFO scan_sources: tailwindcss_oxide::scanner: Discovering "/Users/tiago/Documents/Projetos/Vanessa/gallery/README.md"
2025-11-22T18:36:02.454676Z  INFO scan_sources: tailwindcss_oxide::scanner: Discovering "/Users/tiago/Documents/Projetos/Vanessa/gallery/tailwind.config.ts"
2025-11-22T18:36:02.454697Z  INFO scan_sources: tailwindcss_oxide::scanner: Discovering "/Users/tiago/Documents/Projetos/Vanessa/gallery/public"
2025-11-22T18:36:02.454731Z  INFO scan_sources: tailwindcss_oxide::scanner: Discovering "/Users/tiago/Documents/Projetos/Vanessa/gallery/public/images"
2025-11-22T18:36:02.454762Z  INFO scan_sources: tailwindcss_oxide::scanner: Discovering "/Users/tiago/Documents/Projetos/Vanessa/gallery/public/brand"
2025-11-22T18:36:02.454793Z  INFO scan_sources: tailwindcss_oxide::scanner: Discovering "/Users/tiago/Documents/Projetos/Vanessa/gallery/public/brand/team"
2025-11-22T18:36:02.454826Z  INFO scan_sources: tailwindcss_oxide::scanner: Discovering "/Users/tiago/Documents/Projetos/Vanessa/gallery/package.json"
2025-11-22T18:36:02.454852Z  INFO scan_sources: tailwindcss_oxide::scanner: Discovering "/Users/tiago/Documents/Projetos/Vanessa/gallery/.github"
2025-11-22T18:36:02.454874Z  INFO scan_sources: tailwindcss_oxide::scanner: Discovering "/Users/tiago/Documents/Projetos/Vanessa/gallery/.github/workflows"
2025-11-22T18:36:02.454901Z  INFO scan_sources: tailwindcss_oxide::scanner: Discovering "/Users/tiago/Documents/Projetos/Vanessa/gallery/.github/workflows/firebase-hosting-pull-request.yml"
2025-11-22T18:36:02.454924Z  INFO scan_sources: tailwindcss_oxide::scanner: Discovering "/Users/tiago/Documents/Projetos/Vanessa/gallery/.github/workflows/firebase-hosting-merge.yml"
2025-11-22T18:36:02.454945Z  INFO scan_sources: tailwindcss_oxide::scanner: Discovering "/Users/tiago/Documents/Projetos/Vanessa/gallery/functions"
2025-11-22T18:36:02.455024Z  INFO scan_sources: tailwindcss_oxide::scanner: Discovering "/Users/tiago/Documents/Projetos/Vanessa/gallery/functions/package.json"
2025-11-22T18:36:02.455045Z  INFO scan_sources: tailwindcss_oxide::scanner: Discovering "/Users/tiago/Documents/Projetos/Vanessa/gallery/functions/lib"
2025-11-22T18:36:02.455059Z  INFO scan_sources: tailwindcss_oxide::scanner: Discovering "/Users/tiago/Documents/Projetos/Vanessa/gallery/functions/lib/index.js"
2025-11-22T18:36:02.455072Z  INFO scan_sources: tailwindcss_oxide::scanner: Discovering "/Users/tiago/Documents/Projetos/Vanessa/gallery/functions/tsconfig.json"
2025-11-22T18:36:02.455094Z  INFO scan_sources: tailwindcss_oxide::scanner: Discovering "/Users/tiago/Documents/Projetos/Vanessa/gallery/functions/src"
2025-11-22T18:36:02.455110Z  INFO scan_sources: tailwindcss_oxide::scanner: Discovering "/Users/tiago/Documents/Projetos/Vanessa/gallery/functions/src/index.ts"
2025-11-22T18:36:02.455130Z  INFO scan_sources: tailwindcss_oxide::scanner: Discovering "/Users/tiago/Documents/Projetos/Vanessa/gallery/tsconfig.json"
2025-11-22T18:36:02.455143Z  INFO scan_sources: tailwindcss_oxide::scanner: Discovering "/Users/tiago/Documents/Projetos/Vanessa/gallery/vitest.reporter.ts"
2025-11-22T18:36:02.455152Z  INFO scan_sources: tailwindcss_oxide::scanner: Discovering "/Users/tiago/Documents/Projetos/Vanessa/gallery/firebase.json"
2025-11-22T18:36:02.455163Z  INFO scan_sources: tailwindcss_oxide::scanner: Discovering "/Users/tiago/Documents/Projetos/Vanessa/gallery/remoteconfig.template.json"
2025-11-22T18:36:02.455192Z  INFO scan_sources: tailwindcss_oxide::scanner: Discovering "/Users/tiago/Documents/Projetos/Vanessa/gallery/vitest.config.ts"
2025-11-22T18:36:02.455211Z  INFO scan_sources: tailwindcss_oxide::scanner: Discovering "/Users/tiago/Documents/Projetos/Vanessa/gallery/test-results"
2025-11-22T18:36:02.455228Z  INFO scan_sources: tailwindcss_oxide::scanner: Discovering "/Users/tiago/Documents/Projetos/Vanessa/gallery/test-results/summary.json"
2025-11-22T18:36:02.455237Z  INFO scan_sources: tailwindcss_oxide::scanner: Discovering "/Users/tiago/Documents/Projetos/Vanessa/gallery/test-results/test-log.ndjson"
2025-11-22T18:36:02.455250Z  INFO scan_sources: tailwindcss_oxide::scanner: Discovering "/Users/tiago/Documents/Projetos/Vanessa/gallery/next.config.ts"
2025-11-22T18:36:02.455258Z  INFO scan_sources: tailwindcss_oxide::scanner: Discovering "/Users/tiago/Documents/Projetos/Vanessa/gallery/~"
2025-11-22T18:36:02.455266Z  INFO scan_sources: tailwindcss_oxide::scanner: Discovering "/Users/tiago/Documents/Projetos/Vanessa/gallery/firestore.indexes.json"
2025-11-22T18:36:02.455279Z  INFO scan_sources: tailwindcss_oxide::scanner: Discovering "/Users/tiago/Documents/Projetos/Vanessa/gallery/src"
2025-11-22T18:36:02.455295Z  INFO scan_sources: tailwindcss_oxide::scanner: Discovering "/Users/tiago/Documents/Projetos/Vanessa/gallery/src/middleware.ts"
2025-11-22T18:36:02.455307Z  INFO scan_sources: tailwindcss_oxide::scanner: Discovering "/Users/tiago/Documents/Projetos/Vanessa/gallery/src/locales"
2025-11-22T18:36:02.455325Z  INFO scan_sources: tailwindcss_oxide::scanner: Discovering "/Users/tiago/Documents/Projetos/Vanessa/gallery/src/locales/pt"
2025-11-22T18:36:02.455338Z  INFO scan_sources: tailwindcss_oxide::scanner: Discovering "/Users/tiago/Documents/Projetos/Vanessa/gallery/src/locales/pt/common.json"
2025-11-22T18:36:02.455352Z  INFO scan_sources: tailwindcss_oxide::scanner: Discovering "/Users/tiago/Documents/Projetos/Vanessa/gallery/src/locales/en"
2025-11-22T18:36:02.455373Z  INFO scan_sources: tailwindcss_oxide::scanner: Discovering "/Users/tiago/Documents/Projetos/Vanessa/gallery/src/locales/en/common.json"
2025-11-22T18:36:02.455391Z  INFO scan_sources: tailwindcss_oxide::scanner: Discovering "/Users/tiago/Documents/Projetos/Vanessa/gallery/src/app"
2025-11-22T18:36:02.455409Z  INFO scan_sources: tailwindcss_oxide::scanner: Discovering "/Users/tiago/Documents/Projetos/Vanessa/gallery/src/app/[locale]"
2025-11-22T18:36:02.455427Z  INFO scan_sources: tailwindcss_oxide::scanner: Discovering "/Users/tiago/Documents/Projetos/Vanessa/gallery/src/app/[locale]/admin"
2025-11-22T18:36:02.455445Z  INFO scan_sources: tailwindcss_oxide::scanner: Discovering "/Users/tiago/Documents/Projetos/Vanessa/gallery/src/app/[locale]/admin/payments"
2025-11-22T18:36:02.455461Z  INFO scan_sources: tailwindcss_oxide::scanner: Discovering "/Users/tiago/Documents/Projetos/Vanessa/gallery/src/app/[locale]/admin/payments/page.tsx"
2025-11-22T18:36:02.455483Z  INFO scan_sources: tailwindcss_oxide::scanner: Discovering "/Users/tiago/Documents/Projetos/Vanessa/gallery/src/app/[locale]/admin/public"
2025-11-22T18:36:02.455506Z  INFO scan_sources: tailwindcss_oxide::scanner: Discovering "/Users/tiago/Documents/Projetos/Vanessa/gallery/src/app/[locale]/admin/public/list"
2025-11-22T18:36:02.455528Z  INFO scan_sources: tailwindcss_oxide::scanner: Discovering "/Users/tiago/Documents/Projetos/Vanessa/gallery/src/app/[locale]/admin/public/list/page.tsx"
2025-11-22T18:36:02.455548Z  INFO scan_sources: tailwindcss_oxide::scanner: Discovering "/Users/tiago/Documents/Projetos/Vanessa/gallery/src/app/[locale]/admin/public/upload"
2025-11-22T18:36:02.455565Z  INFO scan_sources: tailwindcss_oxide::scanner: Discovering "/Users/tiago/Documents/Projetos/Vanessa/gallery/src/app/[locale]/admin/public/upload/page.tsx"
2025-11-22T18:36:02.455577Z  INFO scan_sources: tailwindcss_oxide::scanner: Discovering "/Users/tiago/Documents/Projetos/Vanessa/gallery/src/app/[locale]/admin/layout.tsx"
2025-11-22T18:36:02.455591Z  INFO scan_sources: tailwindcss_oxide::scanner: Discovering "/Users/tiago/Documents/Projetos/Vanessa/gallery/src/app/[locale]/admin/users"
2025-11-22T18:36:02.455607Z  INFO scan_sources: tailwindcss_oxide::scanner: Discovering "/Users/tiago/Documents/Projetos/Vanessa/gallery/src/app/[locale]/admin/users/page.tsx"
2025-11-22T18:36:02.455623Z  INFO scan_sources: tailwindcss_oxide::scanner: Discovering "/Users/tiago/Documents/Projetos/Vanessa/gallery/src/app/[locale]/admin/highlights"
2025-11-22T18:36:02.455639Z  INFO scan_sources: tailwindcss_oxide::scanner: Discovering "/Users/tiago/Documents/Projetos/Vanessa/gallery/src/app/[locale]/admin/highlights/page.tsx"
2025-11-22T18:36:02.455648Z  INFO scan_sources: tailwindcss_oxide::scanner: Discovering "/Users/tiago/Documents/Projetos/Vanessa/gallery/src/app/[locale]/admin/page.tsx"
2025-11-22T18:36:02.455668Z  INFO scan_sources: tailwindcss_oxide::scanner: Discovering "/Users/tiago/Documents/Projetos/Vanessa/gallery/src/app/[locale]/admin/categories"
2025-11-22T18:36:02.455683Z  INFO scan_sources: tailwindcss_oxide::scanner: Discovering "/Users/tiago/Documents/Projetos/Vanessa/gallery/src/app/[locale]/admin/categories/page.tsx"
2025-11-22T18:36:02.455700Z  INFO scan_sources: tailwindcss_oxide::scanner: Discovering "/Users/tiago/Documents/Projetos/Vanessa/gallery/src/app/[locale]/portofolio"
2025-11-22T18:36:02.455713Z  INFO scan_sources: tailwindcss_oxide::scanner: Discovering "/Users/tiago/Documents/Projetos/Vanessa/gallery/src/app/[locale]/portofolio/page.tsx"
2025-11-22T18:36:02.455731Z  INFO scan_sources: tailwindcss_oxide::scanner: Discovering "/Users/tiago/Documents/Projetos/Vanessa/gallery/src/app/[locale]/sessions"
2025-11-22T18:36:02.455757Z  INFO scan_sources: tailwindcss_oxide::scanner: Discovering "/Users/tiago/Documents/Projetos/Vanessa/gallery/src/app/[locale]/sessions/[sessionId]"
2025-11-22T18:36:02.455772Z  INFO scan_sources: tailwindcss_oxide::scanner: Discovering "/Users/tiago/Documents/Projetos/Vanessa/gallery/src/app/[locale]/sessions/[sessionId]/page.tsx"
2025-11-22T18:36:02.455785Z  INFO scan_sources: tailwindcss_oxide::scanner: Discovering "/Users/tiago/Documents/Projetos/Vanessa/gallery/src/app/[locale]/sessions/orders"
2025-11-22T18:36:02.455808Z  INFO scan_sources: tailwindcss_oxide::scanner: Discovering "/Users/tiago/Documents/Projetos/Vanessa/gallery/src/app/[locale]/sessions/orders/[orderId]"
2025-11-22T18:36:02.455837Z  INFO scan_sources: tailwindcss_oxide::scanner: Discovering "/Users/tiago/Documents/Projetos/Vanessa/gallery/src/app/[locale]/sessions/orders/[orderId]/download"
2025-11-22T18:36:02.455860Z  INFO scan_sources: tailwindcss_oxide::scanner: Discovering "/Users/tiago/Documents/Projetos/Vanessa/gallery/src/app/[locale]/sessions/orders/[orderId]/download/page.tsx"
2025-11-22T18:36:02.455870Z  INFO scan_sources: tailwindcss_oxide::scanner: Discovering "/Users/tiago/Documents/Projetos/Vanessa/gallery/src/app/[locale]/sessions/orders/[orderId]/page.tsx"
2025-11-22T18:36:02.455891Z  INFO scan_sources: tailwindcss_oxide::scanner: Discovering "/Users/tiago/Documents/Projetos/Vanessa/gallery/src/app/[locale]/sessions/page.tsx"
2025-11-22T18:36:02.455901Z  INFO scan_sources: tailwindcss_oxide::scanner: Discovering "/Users/tiago/Documents/Projetos/Vanessa/gallery/src/app/[locale]/layout.tsx"
2025-11-22T18:36:02.455909Z  INFO scan_sources: tailwindcss_oxide::scanner: Discovering "/Users/tiago/Documents/Projetos/Vanessa/gallery/src/app/[locale]/page.tsx"
2025-11-22T18:36:02.455934Z  INFO scan_sources: tailwindcss_oxide::scanner: Discovering "/Users/tiago/Documents/Projetos/Vanessa/gallery/src/app/[locale]/login"
2025-11-22T18:36:02.455955Z  INFO scan_sources: tailwindcss_oxide::scanner: Discovering "/Users/tiago/Documents/Projetos/Vanessa/gallery/src/app/[locale]/login/page.tsx"
2025-11-22T18:36:02.455977Z  INFO scan_sources: tailwindcss_oxide::scanner: Discovering "/Users/tiago/Documents/Projetos/Vanessa/gallery/src/app/__tests__"
2025-11-22T18:36:02.455998Z  INFO scan_sources: tailwindcss_oxide::scanner: Discovering "/Users/tiago/Documents/Projetos/Vanessa/gallery/src/app/__tests__/sessionLinks.test.ts"
2025-11-22T18:36:02.456024Z  INFO scan_sources: tailwindcss_oxide::scanner: Discovering "/Users/tiago/Documents/Projetos/Vanessa/gallery/src/app/api"
2025-11-22T18:36:02.456054Z  INFO scan_sources: tailwindcss_oxide::scanner: Discovering "/Users/tiago/Documents/Projetos/Vanessa/gallery/src/app/api/auth"
2025-11-22T18:36:02.456074Z  INFO scan_sources: tailwindcss_oxide::scanner: Discovering "/Users/tiago/Documents/Projetos/Vanessa/gallery/src/app/api/auth/[...nextauth]"
2025-11-22T18:36:02.456094Z  INFO scan_sources: tailwindcss_oxide::scanner: Discovering "/Users/tiago/Documents/Projetos/Vanessa/gallery/src/app/api/auth/[...nextauth]/route.ts"
2025-11-22T18:36:02.456110Z  INFO scan_sources: tailwindcss_oxide::scanner: Discovering "/Users/tiago/Documents/Projetos/Vanessa/gallery/src/app/api/auth/session"
2025-11-22T18:36:02.456128Z  INFO scan_sources: tailwindcss_oxide::scanner: Discovering "/Users/tiago/Documents/Projetos/Vanessa/gallery/src/app/api/auth/session/route.ts"
2025-11-22T18:36:02.456152Z  INFO scan_sources: tailwindcss_oxide::scanner: Discovering "/Users/tiago/Documents/Projetos/Vanessa/gallery/src/app/api/storage"
2025-11-22T18:36:02.456178Z  INFO scan_sources: tailwindcss_oxide::scanner: Discovering "/Users/tiago/Documents/Projetos/Vanessa/gallery/src/app/api/storage/list"
2025-11-22T18:36:02.456197Z  INFO scan_sources: tailwindcss_oxide::scanner: Discovering "/Users/tiago/Documents/Projetos/Vanessa/gallery/src/app/api/storage/list/route.ts"
2025-11-22T18:36:02.456216Z  INFO scan_sources: tailwindcss_oxide::scanner: Discovering "/Users/tiago/Documents/Projetos/Vanessa/gallery/src/app/api/storage/sign"
2025-11-22T18:36:02.456231Z  INFO scan_sources: tailwindcss_oxide::scanner: Discovering "/Users/tiago/Documents/Projetos/Vanessa/gallery/src/app/api/storage/sign/route.ts"
2025-11-22T18:36:02.456251Z  INFO scan_sources: tailwindcss_oxide::scanner: Discovering "/Users/tiago/Documents/Projetos/Vanessa/gallery/src/app/api/session-orders"
2025-11-22T18:36:02.456270Z  INFO scan_sources: tailwindcss_oxide::scanner: Discovering "/Users/tiago/Documents/Projetos/Vanessa/gallery/src/app/api/session-orders/helpers.ts"
2025-11-22T18:36:02.456291Z  INFO scan_sources: tailwindcss_oxide::scanner: Discovering "/Users/tiago/Documents/Projetos/Vanessa/gallery/src/app/api/session-orders/[orderId]"
2025-11-22T18:36:02.456309Z  INFO scan_sources: tailwindcss_oxide::scanner: Discovering "/Users/tiago/Documents/Projetos/Vanessa/gallery/src/app/api/session-orders/[orderId]/confirm"
2025-11-22T18:36:02.456322Z  INFO scan_sources: tailwindcss_oxide::scanner: Discovering "/Users/tiago/Documents/Projetos/Vanessa/gallery/src/app/api/session-orders/[orderId]/confirm/route.ts"
2025-11-22T18:36:02.456336Z  INFO scan_sources: tailwindcss_oxide::scanner: Discovering "/Users/tiago/Documents/Projetos/Vanessa/gallery/src/app/api/session-orders/[orderId]/download"
2025-11-22T18:36:02.456349Z  INFO scan_sources: tailwindcss_oxide::scanner: Discovering "/Users/tiago/Documents/Projetos/Vanessa/gallery/src/app/api/session-orders/[orderId]/download/route.ts"
2025-11-22T18:36:02.456367Z  INFO scan_sources: tailwindcss_oxide::scanner: Discovering "/Users/tiago/Documents/Projetos/Vanessa/gallery/src/app/api/session-orders/[orderId]/route.ts"
2025-11-22T18:36:02.456377Z  INFO scan_sources: tailwindcss_oxide::scanner: Discovering "/Users/tiago/Documents/Projetos/Vanessa/gallery/src/app/api/session-orders/route.ts"
2025-11-22T18:36:02.456400Z  INFO scan_sources: tailwindcss_oxide::scanner: Discovering "/Users/tiago/Documents/Projetos/Vanessa/gallery/src/app/api/session-orders/pending"
2025-11-22T18:36:02.456421Z  INFO scan_sources: tailwindcss_oxide::scanner: Discovering "/Users/tiago/Documents/Projetos/Vanessa/gallery/src/app/api/session-orders/pending/route.ts"
2025-11-22T18:36:02.456441Z  INFO scan_sources: tailwindcss_oxide::scanner: Discovering "/Users/tiago/Documents/Projetos/Vanessa/gallery/src/app/api/session-photos"
2025-11-22T18:36:02.456461Z  INFO scan_sources: tailwindcss_oxide::scanner: Discovering "/Users/tiago/Documents/Projetos/Vanessa/gallery/src/app/api/session-photos/register"
2025-11-22T18:36:02.456476Z  INFO scan_sources: tailwindcss_oxide::scanner: Discovering "/Users/tiago/Documents/Projetos/Vanessa/gallery/src/app/api/session-photos/register/route.ts"
2025-11-22T18:36:02.456491Z  INFO scan_sources: tailwindcss_oxide::scanner: Discovering "/Users/tiago/Documents/Projetos/Vanessa/gallery/src/app/api/session-photos/download"
2025-11-22T18:36:02.456505Z  INFO scan_sources: tailwindcss_oxide::scanner: Discovering "/Users/tiago/Documents/Projetos/Vanessa/gallery/src/app/api/session-photos/download/route.ts"
2025-11-22T18:36:02.456520Z  INFO scan_sources: tailwindcss_oxide::scanner: Discovering "/Users/tiago/Documents/Projetos/Vanessa/gallery/src/app/api/session-photos/list"
2025-11-22T18:36:02.456535Z  INFO scan_sources: tailwindcss_oxide::scanner: Discovering "/Users/tiago/Documents/Projetos/Vanessa/gallery/src/app/api/session-photos/list/route.ts"
2025-11-22T18:36:02.456550Z  INFO scan_sources: tailwindcss_oxide::scanner: Discovering "/Users/tiago/Documents/Projetos/Vanessa/gallery/src/app/api/session-photos/download-all"
2025-11-22T18:36:02.456574Z  INFO scan_sources: tailwindcss_oxide::scanner: Discovering "/Users/tiago/Documents/Projetos/Vanessa/gallery/src/app/api/session-photos/download-all/route.ts"
2025-11-22T18:36:02.456591Z  INFO scan_sources: tailwindcss_oxide::scanner: Discovering "/Users/tiago/Documents/Projetos/Vanessa/gallery/src/app/api/users"
2025-11-22T18:36:02.456603Z  INFO scan_sources: tailwindcss_oxide::scanner: Discovering "/Users/tiago/Documents/Projetos/Vanessa/gallery/src/app/api/users/route.ts"
2025-11-22T18:36:02.456621Z  INFO scan_sources: tailwindcss_oxide::scanner: Discovering "/Users/tiago/Documents/Projetos/Vanessa/gallery/src/app/api/highlights"
2025-11-22T18:36:02.456651Z  INFO scan_sources: tailwindcss_oxide::scanner: Discovering "/Users/tiago/Documents/Projetos/Vanessa/gallery/src/app/api/highlights/update"
2025-11-22T18:36:02.456663Z  INFO scan_sources: tailwindcss_oxide::scanner: Discovering "/Users/tiago/Documents/Projetos/Vanessa/gallery/src/app/api/highlights/update/route.ts"
2025-11-22T18:36:02.456678Z  INFO scan_sources: tailwindcss_oxide::scanner: Discovering "/Users/tiago/Documents/Projetos/Vanessa/gallery/src/app/api/highlights/delete"
2025-11-22T18:36:02.456696Z  INFO scan_sources: tailwindcss_oxide::scanner: Discovering "/Users/tiago/Documents/Projetos/Vanessa/gallery/src/app/api/highlights/delete/route.ts"
2025-11-22T18:36:02.456716Z  INFO scan_sources: tailwindcss_oxide::scanner: Discovering "/Users/tiago/Documents/Projetos/Vanessa/gallery/src/app/api/highlights/list"
2025-11-22T18:36:02.456735Z  INFO scan_sources: tailwindcss_oxide::scanner: Discovering "/Users/tiago/Documents/Projetos/Vanessa/gallery/src/app/api/highlights/list/route.ts"
2025-11-22T18:36:02.456751Z  INFO scan_sources: tailwindcss_oxide::scanner: Discovering "/Users/tiago/Documents/Projetos/Vanessa/gallery/src/app/api/highlights/create"
2025-11-22T18:36:02.456773Z  INFO scan_sources: tailwindcss_oxide::scanner: Discovering "/Users/tiago/Documents/Projetos/Vanessa/gallery/src/app/api/highlights/create/route.ts"
2025-11-22T18:36:02.456794Z  INFO scan_sources: tailwindcss_oxide::scanner: Discovering "/Users/tiago/Documents/Projetos/Vanessa/gallery/src/app/api/categories"
2025-11-22T18:36:02.456821Z  INFO scan_sources: tailwindcss_oxide::scanner: Discovering "/Users/tiago/Documents/Projetos/Vanessa/gallery/src/app/api/categories/update"
2025-11-22T18:36:02.456838Z  INFO scan_sources: tailwindcss_oxide::scanner: Discovering "/Users/tiago/Documents/Projetos/Vanessa/gallery/src/app/api/categories/update/route.ts"
2025-11-22T18:36:02.456859Z  INFO scan_sources: tailwindcss_oxide::scanner: Discovering "/Users/tiago/Documents/Projetos/Vanessa/gallery/src/app/api/categories/delete"
2025-11-22T18:36:02.456872Z  INFO scan_sources: tailwindcss_oxide::scanner: Discovering "/Users/tiago/Documents/Projetos/Vanessa/gallery/src/app/api/categories/delete/route.ts"
2025-11-22T18:36:02.456892Z  INFO scan_sources: tailwindcss_oxide::scanner: Discovering "/Users/tiago/Documents/Projetos/Vanessa/gallery/src/app/api/categories/route.test.ts"
2025-11-22T18:36:02.456900Z  INFO scan_sources: tailwindcss_oxide::scanner: Discovering "/Users/tiago/Documents/Projetos/Vanessa/gallery/src/app/api/categories/route.ts"
2025-11-22T18:36:02.456915Z  INFO scan_sources: tailwindcss_oxide::scanner: Discovering "/Users/tiago/Documents/Projetos/Vanessa/gallery/src/app/api/categories/create"
2025-11-22T18:36:02.456938Z  INFO scan_sources: tailwindcss_oxide::scanner: Discovering "/Users/tiago/Documents/Projetos/Vanessa/gallery/src/app/api/categories/create/route.ts"
2025-11-22T18:36:02.456961Z  INFO scan_sources: tailwindcss_oxide::scanner: Discovering "/Users/tiago/Documents/Projetos/Vanessa/gallery/src/app/api/public-photos"
2025-11-22T18:36:02.456986Z  INFO scan_sources: tailwindcss_oxide::scanner: Discovering "/Users/tiago/Documents/Projetos/Vanessa/gallery/src/app/api/public-photos/delete"
2025-11-22T18:36:02.457004Z  INFO scan_sources: tailwindcss_oxide::scanner: Discovering "/Users/tiago/Documents/Projetos/Vanessa/gallery/src/app/api/public-photos/delete/route.test.ts"
2025-11-22T18:36:02.457013Z  INFO scan_sources: tailwindcss_oxide::scanner: Discovering "/Users/tiago/Documents/Projetos/Vanessa/gallery/src/app/api/public-photos/delete/route.ts"
2025-11-22T18:36:02.457032Z  INFO scan_sources: tailwindcss_oxide::scanner: Discovering "/Users/tiago/Documents/Projetos/Vanessa/gallery/src/app/api/public-photos/delete-all"
2025-11-22T18:36:02.457050Z  INFO scan_sources: tailwindcss_oxide::scanner: Discovering "/Users/tiago/Documents/Projetos/Vanessa/gallery/src/app/api/public-photos/delete-all/route.ts"
2025-11-22T18:36:02.457069Z  INFO scan_sources: tailwindcss_oxide::scanner: Discovering "/Users/tiago/Documents/Projetos/Vanessa/gallery/src/app/api/public-photos/list"
2025-11-22T18:36:02.457086Z  INFO scan_sources: tailwindcss_oxide::scanner: Discovering "/Users/tiago/Documents/Projetos/Vanessa/gallery/src/app/api/public-photos/list/route.test.ts"
2025-11-22T18:36:02.457094Z  INFO scan_sources: tailwindcss_oxide::scanner: Discovering "/Users/tiago/Documents/Projetos/Vanessa/gallery/src/app/api/public-photos/list/route.ts"
2025-11-22T18:36:02.457109Z  INFO scan_sources: tailwindcss_oxide::scanner: Discovering "/Users/tiago/Documents/Projetos/Vanessa/gallery/src/app/api/public-photos/create"
2025-11-22T18:36:02.457121Z  INFO scan_sources: tailwindcss_oxide::scanner: Discovering "/Users/tiago/Documents/Projetos/Vanessa/gallery/src/app/api/public-photos/create/route.test.ts"
2025-11-22T18:36:02.457127Z  INFO scan_sources: tailwindcss_oxide::scanner: Discovering "/Users/tiago/Documents/Projetos/Vanessa/gallery/src/app/api/public-photos/create/route.ts"
2025-11-22T18:36:02.457140Z  INFO scan_sources: tailwindcss_oxide::scanner: Discovering "/Users/tiago/Documents/Projetos/Vanessa/gallery/src/app/api/upload"
2025-11-22T18:36:02.457152Z  INFO scan_sources: tailwindcss_oxide::scanner: Discovering "/Users/tiago/Documents/Projetos/Vanessa/gallery/src/app/api/upload/route.ts"
2025-11-22T18:36:02.457165Z  INFO scan_sources: tailwindcss_oxide::scanner: Discovering "/Users/tiago/Documents/Projetos/Vanessa/gallery/src/app/api/upload/sequence"
2025-11-22T18:36:02.457179Z  INFO scan_sources: tailwindcss_oxide::scanner: Discovering "/Users/tiago/Documents/Projetos/Vanessa/gallery/src/app/api/upload/sequence/route.ts"
2025-11-22T18:36:02.457195Z  INFO scan_sources: tailwindcss_oxide::scanner: Discovering "/Users/tiago/Documents/Projetos/Vanessa/gallery/src/test"
2025-11-22T18:36:02.457219Z  INFO scan_sources: tailwindcss_oxide::scanner: Discovering "/Users/tiago/Documents/Projetos/Vanessa/gallery/src/test/test-utils.tsx"
2025-11-22T18:36:02.457235Z  INFO scan_sources: tailwindcss_oxide::scanner: Discovering "/Users/tiago/Documents/Projetos/Vanessa/gallery/src/styles"
2025-11-22T18:36:02.457266Z  INFO scan_sources: tailwindcss_oxide::scanner: Discovering "/Users/tiago/Documents/Projetos/Vanessa/gallery/src/styles/shared"
2025-11-22T18:36:02.457288Z  INFO scan_sources: tailwindcss_oxide::scanner: Discovering "/Users/tiago/Documents/Projetos/Vanessa/gallery/src/styles/shared/navbar"
2025-11-22T18:36:02.457303Z  INFO scan_sources: tailwindcss_oxide::scanner: Discovering "/Users/tiago/Documents/Projetos/Vanessa/gallery/src/styles/shared/navbar/navbar.css"
2025-11-22T18:36:02.457319Z  INFO scan_sources: tailwindcss_oxide::scanner: Discovering "/Users/tiago/Documents/Projetos/Vanessa/gallery/src/styles/shared/hero"
2025-11-22T18:36:02.457334Z  INFO scan_sources: tailwindcss_oxide::scanner: Discovering "/Users/tiago/Documents/Projetos/Vanessa/gallery/src/styles/shared/hero/hero.css"
2025-11-22T18:36:02.457345Z  INFO scan_sources: tailwindcss_oxide::scanner: Discovering "/Users/tiago/Documents/Projetos/Vanessa/gallery/src/styles/globals.css"
2025-11-22T18:36:02.457361Z  INFO scan_sources: tailwindcss_oxide::scanner: Discovering "/Users/tiago/Documents/Projetos/Vanessa/gallery/src/components"
2025-11-22T18:36:02.457388Z  INFO scan_sources: tailwindcss_oxide::scanner: Discovering "/Users/tiago/Documents/Projetos/Vanessa/gallery/src/components/ui"
2025-11-22T18:36:02.457417Z  INFO scan_sources: tailwindcss_oxide::scanner: Discovering "/Users/tiago/Documents/Projetos/Vanessa/gallery/src/components/ui/auth"
2025-11-22T18:36:02.457432Z  INFO scan_sources: tailwindcss_oxide::scanner: Discovering "/Users/tiago/Documents/Projetos/Vanessa/gallery/src/components/ui/auth/CardAuth.tsx"
2025-11-22T18:36:02.457440Z  INFO scan_sources: tailwindcss_oxide::scanner: Discovering "/Users/tiago/Documents/Projetos/Vanessa/gallery/src/components/ui/auth/card.tsx"
2025-11-22T18:36:02.457450Z  INFO scan_sources: tailwindcss_oxide::scanner: Discovering "/Users/tiago/Documents/Projetos/Vanessa/gallery/src/components/ui/auth/Loader.tsx"
2025-11-22T18:36:02.457463Z  INFO scan_sources: tailwindcss_oxide::scanner: Discovering "/Users/tiago/Documents/Projetos/Vanessa/gallery/src/components/ui/auth/RequireAuth.tsx"
2025-11-22T18:36:02.457472Z  INFO scan_sources: tailwindcss_oxide::scanner: Discovering "/Users/tiago/Documents/Projetos/Vanessa/gallery/src/components/ui/auth/EmailPasswordForm.tsx"
2025-11-22T18:36:02.457485Z  INFO scan_sources: tailwindcss_oxide::scanner: Discovering "/Users/tiago/Documents/Projetos/Vanessa/gallery/src/components/ui/auth/Sidebar.tsx"
2025-11-22T18:36:02.457501Z  INFO scan_sources: tailwindcss_oxide::scanner: Discovering "/Users/tiago/Documents/Projetos/Vanessa/gallery/src/components/ui/use-toast.ts"
2025-11-22T18:36:02.457513Z  INFO scan_sources: tailwindcss_oxide::scanner: Discovering "/Users/tiago/Documents/Projetos/Vanessa/gallery/src/components/sections"
2025-11-22T18:36:02.457531Z  INFO scan_sources: tailwindcss_oxide::scanner: Discovering "/Users/tiago/Documents/Projetos/Vanessa/gallery/src/components/sections/portofolio"
2025-11-22T18:36:02.457553Z  INFO scan_sources: tailwindcss_oxide::scanner: Discovering "/Users/tiago/Documents/Projetos/Vanessa/gallery/src/components/sections/portofolio/portofolioHomePage.tsx"
2025-11-22T18:36:02.457562Z  INFO scan_sources: tailwindcss_oxide::scanner: Discovering "/Users/tiago/Documents/Projetos/Vanessa/gallery/src/components/sections/portofolio/LazyPortfolio.tsx"
2025-11-22T18:36:02.457587Z  INFO scan_sources: tailwindcss_oxide::scanner: Discovering "/Users/tiago/Documents/Projetos/Vanessa/gallery/src/components/sections/team"
2025-11-22T18:36:02.457601Z  INFO scan_sources: tailwindcss_oxide::scanner: Discovering "/Users/tiago/Documents/Projetos/Vanessa/gallery/src/components/sections/team/teamHomePage.tsx"
2025-11-22T18:36:02.457626Z  INFO scan_sources: tailwindcss_oxide::scanner: Discovering "/Users/tiago/Documents/Projetos/Vanessa/gallery/src/components/sections/conatct"
2025-11-22T18:36:02.457644Z  INFO scan_sources: tailwindcss_oxide::scanner: Discovering "/Users/tiago/Documents/Projetos/Vanessa/gallery/src/components/sections/conatct/Contact.tsx"
2025-11-22T18:36:02.457666Z  INFO scan_sources: tailwindcss_oxide::scanner: Discovering "/Users/tiago/Documents/Projetos/Vanessa/gallery/src/components/admin"
2025-11-22T18:36:02.457690Z  INFO scan_sources: tailwindcss_oxide::scanner: Discovering "/Users/tiago/Documents/Projetos/Vanessa/gallery/src/components/admin/PublicPreviewGrid.tsx"
2025-11-22T18:36:02.457704Z  INFO scan_sources: tailwindcss_oxide::scanner: Discovering "/Users/tiago/Documents/Projetos/Vanessa/gallery/src/components/admin/adapters"
2025-11-22T18:36:02.457731Z  INFO scan_sources: tailwindcss_oxide::scanner: Discovering "/Users/tiago/Documents/Projetos/Vanessa/gallery/src/components/admin/adapters/portofolio.ts"
2025-11-22T18:36:02.457756Z  INFO scan_sources: tailwindcss_oxide::scanner: Discovering "/Users/tiago/Documents/Projetos/Vanessa/gallery/src/components/reactBits"
2025-11-22T18:36:02.457805Z  INFO scan_sources: tailwindcss_oxide::scanner: Discovering "/Users/tiago/Documents/Projetos/Vanessa/gallery/src/components/reactBits/glareHover"
2025-11-22T18:36:02.457845Z  INFO scan_sources: tailwindcss_oxide::scanner: Discovering "/Users/tiago/Documents/Projetos/Vanessa/gallery/src/components/reactBits/glareHover/GlareHover.tsx"
2025-11-22T18:36:02.457874Z  INFO scan_sources: tailwindcss_oxide::scanner: Discovering "/Users/tiago/Documents/Projetos/Vanessa/gallery/src/components/reactBits/TextType"
2025-11-22T18:36:02.457894Z  INFO scan_sources: tailwindcss_oxide::scanner: Discovering "/Users/tiago/Documents/Projetos/Vanessa/gallery/src/components/reactBits/TextType/TextType.tsx"
2025-11-22T18:36:02.457917Z  INFO scan_sources: tailwindcss_oxide::scanner: Discovering "/Users/tiago/Documents/Projetos/Vanessa/gallery/src/components/reactBits/ImageTrail"
2025-11-22T18:36:02.457935Z  INFO scan_sources: tailwindcss_oxide::scanner: Discovering "/Users/tiago/Documents/Projetos/Vanessa/gallery/src/components/reactBits/ImageTrail/ImageTrail.tsx"
2025-11-22T18:36:02.457955Z  INFO scan_sources: tailwindcss_oxide::scanner: Discovering "/Users/tiago/Documents/Projetos/Vanessa/gallery/src/components/reactBits/Masonry"
2025-11-22T18:36:02.457986Z  INFO scan_sources: tailwindcss_oxide::scanner: Discovering "/Users/tiago/Documents/Projetos/Vanessa/gallery/src/components/reactBits/Masonry/Masonry.tsx"
2025-11-22T18:36:02.458002Z  INFO scan_sources: tailwindcss_oxide::scanner: Discovering "/Users/tiago/Documents/Projetos/Vanessa/gallery/src/components/shared"
2025-11-22T18:36:02.458024Z  INFO scan_sources: tailwindcss_oxide::scanner: Discovering "/Users/tiago/Documents/Projetos/Vanessa/gallery/src/components/shared/navbar"
2025-11-22T18:36:02.458038Z  INFO scan_sources: tailwindcss_oxide::scanner: Discovering "/Users/tiago/Documents/Projetos/Vanessa/gallery/src/components/shared/navbar/navbar.tsx"
2025-11-22T18:36:02.458052Z  INFO scan_sources: tailwindcss_oxide::scanner: Discovering "/Users/tiago/Documents/Projetos/Vanessa/gallery/src/components/storage"
2025-11-22T18:36:02.458064Z  INFO scan_sources: tailwindcss_oxide::scanner: Discovering "/Users/tiago/Documents/Projetos/Vanessa/gallery/src/components/storage/Uploader.tsx"
2025-11-22T18:36:02.458084Z  INFO scan_sources: tailwindcss_oxide::scanner: Discovering "/Users/tiago/Documents/Projetos/Vanessa/gallery/src/components/sessions"
2025-11-22T18:36:02.458096Z  INFO scan_sources: tailwindcss_oxide::scanner: Discovering "/Users/tiago/Documents/Projetos/Vanessa/gallery/src/components/sessions/DownloadAllButton.tsx"
2025-11-22T18:36:02.458108Z  INFO scan_sources: tailwindcss_oxide::scanner: Discovering "/Users/tiago/Documents/Projetos/Vanessa/gallery/src/components/portfolio"
2025-11-22T18:36:02.458119Z  INFO scan_sources: tailwindcss_oxide::scanner: Discovering "/Users/tiago/Documents/Projetos/Vanessa/gallery/src/components/portfolio/PublicGallery.tsx"
2025-11-22T18:36:02.458132Z  INFO scan_sources: tailwindcss_oxide::scanner: Discovering "/Users/tiago/Documents/Projetos/Vanessa/gallery/src/components/hero"
2025-11-22T18:36:02.458143Z  INFO scan_sources: tailwindcss_oxide::scanner: Discovering "/Users/tiago/Documents/Projetos/Vanessa/gallery/src/components/hero/hero.tsx"
2025-11-22T18:36:02.458156Z  INFO scan_sources: tailwindcss_oxide::scanner: Discovering "/Users/tiago/Documents/Projetos/Vanessa/gallery/src/hooks"
2025-11-22T18:36:02.458179Z  INFO scan_sources: tailwindcss_oxide::scanner: Discovering "/Users/tiago/Documents/Projetos/Vanessa/gallery/src/hooks/useInView.ts"
2025-11-22T18:36:02.458198Z  INFO scan_sources: tailwindcss_oxide::scanner: Discovering "/Users/tiago/Documents/Projetos/Vanessa/gallery/src/lib"
2025-11-22T18:36:02.458227Z  INFO scan_sources: tailwindcss_oxide::scanner: Discovering "/Users/tiago/Documents/Projetos/Vanessa/gallery/src/lib/admin"
2025-11-22T18:36:02.458243Z  INFO scan_sources: tailwindcss_oxide::scanner: Discovering "/Users/tiago/Documents/Projetos/Vanessa/gallery/src/lib/admin/sequence.ts"
2025-11-22T18:36:02.458253Z  INFO scan_sources: tailwindcss_oxide::scanner: Discovering "/Users/tiago/Documents/Projetos/Vanessa/gallery/src/lib/categories.test.ts"
2025-11-22T18:36:02.458268Z  INFO scan_sources: tailwindcss_oxide::scanner: Discovering "/Users/tiago/Documents/Projetos/Vanessa/gallery/src/lib/storage"
2025-11-22T18:36:02.458283Z  INFO scan_sources: tailwindcss_oxide::scanner: Discovering "/Users/tiago/Documents/Projetos/Vanessa/gallery/src/lib/storage/zip.ts"
2025-11-22T18:36:02.458298Z  INFO scan_sources: tailwindcss_oxide::scanner: Discovering "/Users/tiago/Documents/Projetos/Vanessa/gallery/src/lib/firebase"
2025-11-22T18:36:02.458321Z  INFO scan_sources: tailwindcss_oxide::scanner: Discovering "/Users/tiago/Documents/Projetos/Vanessa/gallery/src/lib/firebase/admin.ts"
2025-11-22T18:36:02.458330Z  INFO scan_sources: tailwindcss_oxide::scanner: Discovering "/Users/tiago/Documents/Projetos/Vanessa/gallery/src/lib/firebase/client.ts"
2025-11-22T18:36:02.458339Z  INFO scan_sources: tailwindcss_oxide::scanner: Discovering "/Users/tiago/Documents/Projetos/Vanessa/gallery/src/lib/firebase/ensureAuth.ts"
2025-11-22T18:36:02.458352Z  INFO scan_sources: tailwindcss_oxide::scanner: Discovering "/Users/tiago/Documents/Projetos/Vanessa/gallery/src/lib/firebase/ensureAuth.test.ts"
2025-11-22T18:36:02.458369Z  INFO scan_sources: tailwindcss_oxide::scanner: Discovering "/Users/tiago/Documents/Projetos/Vanessa/gallery/src/lib/sessions"
2025-11-22T18:36:02.458382Z  INFO scan_sources: tailwindcss_oxide::scanner: Discovering "/Users/tiago/Documents/Projetos/Vanessa/gallery/src/lib/sessions/share.ts"
2025-11-22T18:36:02.458399Z  INFO scan_sources: tailwindcss_oxide::scanner: Discovering "/Users/tiago/Documents/Projetos/Vanessa/gallery/src/lib/publicPhotos.ts"
2025-11-22T18:36:02.458413Z  INFO scan_sources: tailwindcss_oxide::scanner: Discovering "/Users/tiago/Documents/Projetos/Vanessa/gallery/src/lib/categories.ts"
2025-11-22T18:36:02.458424Z  INFO scan_sources: tailwindcss_oxide::scanner: Discovering "/Users/tiago/Documents/Projetos/Vanessa/gallery/src/lib/highlights.ts"
2025-11-22T18:36:02.458439Z  INFO scan_sources: tailwindcss_oxide::scanner: Discovering "/Users/tiago/Documents/Projetos/Vanessa/gallery/src/lib/publicPhotos.test.ts"
2025-11-22T18:36:02.458446Z  INFO scan_sources: tailwindcss_oxide::scanner: Discovering "/Users/tiago/Documents/Projetos/Vanessa/gallery/src/lib/auth.ts"
2025-11-22T18:36:02.458453Z  INFO scan_sources: tailwindcss_oxide::scanner: Discovering "/Users/tiago/Documents/Projetos/Vanessa/gallery/src/lib/FirebaseClient.ts"
2025-11-22T18:36:02.458467Z  INFO scan_sources: tailwindcss_oxide::scanner: Discovering "/Users/tiago/Documents/Projetos/Vanessa/gallery/src/i18n"
2025-11-22T18:36:02.458490Z  INFO scan_sources: tailwindcss_oxide::scanner: Discovering "/Users/tiago/Documents/Projetos/Vanessa/gallery/src/i18n/navigation.ts"
2025-11-22T18:36:02.458500Z  INFO scan_sources: tailwindcss_oxide::scanner: Discovering "/Users/tiago/Documents/Projetos/Vanessa/gallery/src/i18n/routing.ts"
2025-11-22T18:36:02.458508Z  INFO scan_sources: tailwindcss_oxide::scanner: Discovering "/Users/tiago/Documents/Projetos/Vanessa/gallery/src/i18n/request.ts"
2025-11-22T18:36:02.458521Z  INFO scan_sources: tailwindcss_oxide::scanner: Discovering "/Users/tiago/Documents/Projetos/Vanessa/gallery/src/i18n/provider.tsx"
2025-11-22T18:36:02.458549Z  INFO scan_sources: tailwindcss_oxide::scanner: exit
2025-11-22T18:36:02.458553Z  INFO extract_candidates: tailwindcss_oxide::scanner: enter
2025-11-22T18:36:02.458556Z  INFO extract_candidates:read_all_files: tailwindcss_oxide::scanner: enter
2025-11-22T18:36:02.458557Z  INFO extract_candidates:read_all_files: tailwindcss_oxide::scanner: Reading 124 file(s)
2025-11-22T18:36:02.458752Z  INFO tailwindcss_oxide::scanner: Reading "/Users/tiago/Documents/Projetos/Vanessa/gallery/src/app/api/session-photos/download-all/route.ts"
2025-11-22T18:36:02.458762Z  INFO tailwindcss_oxide::scanner: Reading "/Users/tiago/Documents/Projetos/Vanessa/gallery/src/components/sections/conatct/Contact.tsx"
2025-11-22T18:36:02.458780Z  INFO tailwindcss_oxide::scanner: Reading "/Users/tiago/Documents/Projetos/Vanessa/gallery/src/app/api/users/route.ts"
2025-11-22T18:36:02.458779Z  INFO tailwindcss_oxide::scanner: Reading "/Users/tiago/Documents/Projetos/Vanessa/gallery/src/components/ui/auth/Loader.tsx"
2025-11-22T18:36:02.458799Z  INFO tailwindcss_oxide::scanner: Reading "/Users/tiago/Documents/Projetos/Vanessa/gallery/src/app/api/public-photos/list/route.ts"
2025-11-22T18:36:02.458830Z  INFO tailwindcss_oxide::scanner: Reading "/Users/tiago/Documents/Projetos/Vanessa/gallery/src/locales/en/common.json"
2025-11-22T18:36:02.458805Z  INFO tailwindcss_oxide::scanner: Reading "/Users/tiago/Documents/Projetos/Vanessa/gallery/src/app/api/highlights/update/route.ts"
2025-11-22T18:36:02.458856Z  INFO tailwindcss_oxide::scanner: Reading "/Users/tiago/Documents/Projetos/Vanessa/gallery/src/app/[locale]/admin/payments/page.tsx"
2025-11-22T18:36:02.458809Z  INFO tailwindcss_oxide::scanner: Reading "/Users/tiago/Documents/Projetos/Vanessa/gallery/src/components/ui/auth/EmailPasswordForm.tsx"
2025-11-22T18:36:02.458795Z  INFO tailwindcss_oxide::scanner: Reading "/Users/tiago/Documents/Projetos/Vanessa/gallery/src/components/admin/PublicPreviewGrid.tsx"
2025-11-22T18:36:02.458895Z  INFO tailwindcss_oxide::scanner: Reading "/Users/tiago/Documents/Projetos/Vanessa/gallery/src/components/ui/auth/Sidebar.tsx"
2025-11-22T18:36:02.458838Z  INFO tailwindcss_oxide::scanner: Reading "/Users/tiago/Documents/Projetos/Vanessa/gallery/src/components/ui/auth/RequireAuth.tsx"
2025-11-22T18:36:02.458807Z  INFO tailwindcss_oxide::scanner: Reading "/Users/tiago/Documents/Projetos/Vanessa/gallery/src/app/api/categories/delete/route.ts"
2025-11-22T18:36:02.458851Z  INFO tailwindcss_oxide::scanner: Reading "/Users/tiago/Documents/Projetos/Vanessa/gallery/src/components/ui/use-toast.ts"
2025-11-22T18:36:02.458857Z  INFO tailwindcss_oxide::scanner: Reading "/Users/tiago/Documents/Projetos/Vanessa/gallery/src/app/api/public-photos/create/route.test.ts"
2025-11-22T18:36:02.458870Z  INFO tailwindcss_oxide::scanner: Reading "/Users/tiago/Documents/Projetos/Vanessa/gallery/src/app/api/highlights/delete/route.ts"
2025-11-22T18:36:02.458950Z  INFO tailwindcss_oxide::scanner: Reading "/Users/tiago/Documents/Projetos/Vanessa/gallery/src/components/sections/portofolio/portofolioHomePage.tsx"
2025-11-22T18:36:02.458955Z  INFO tailwindcss_oxide::scanner: Reading "/Users/tiago/Documents/Projetos/Vanessa/gallery/src/app/api/highlights/list/route.ts"
2025-11-22T18:36:02.458879Z  INFO tailwindcss_oxide::scanner: Reading "/Users/tiago/Documents/Projetos/Vanessa/gallery/src/app/[locale]/admin/public/list/page.tsx"
2025-11-22T18:36:02.458919Z  INFO tailwindcss_oxide::scanner: Reading "/Users/tiago/Documents/Projetos/Vanessa/gallery/src/components/admin/adapters/portofolio.ts"
2025-11-22T18:36:02.458985Z  INFO tailwindcss_oxide::scanner: Reading "/Users/tiago/Documents/Projetos/Vanessa/gallery/src/app/api/categories/route.test.ts"
2025-11-22T18:36:02.458863Z  INFO tailwindcss_oxide::scanner: Reading "/Users/tiago/Documents/Projetos/Vanessa/gallery/functions/package.json"
2025-11-22T18:36:02.458999Z  INFO tailwindcss_oxide::scanner: Reading "/Users/tiago/Documents/Projetos/Vanessa/gallery/src/components/reactBits/glareHover/GlareHover.tsx"
2025-11-22T18:36:02.459002Z  INFO tailwindcss_oxide::scanner: Reading "/Users/tiago/Documents/Projetos/Vanessa/gallery/src/app/api/categories/route.ts"
2025-11-22T18:36:02.458952Z  INFO tailwindcss_oxide::scanner: Reading "/Users/tiago/Documents/Projetos/Vanessa/gallery/src/app/api/public-photos/create/route.ts"
2025-11-22T18:36:02.459018Z  INFO tailwindcss_oxide::scanner: Reading "/Users/tiago/Documents/Projetos/Vanessa/gallery/functions/lib/index.js"
2025-11-22T18:36:02.459022Z  INFO tailwindcss_oxide::scanner: Reading "/Users/tiago/Documents/Projetos/Vanessa/gallery/src/components/reactBits/TextType/TextType.tsx"
2025-11-22T18:36:02.459025Z  INFO tailwindcss_oxide::scanner: Reading "/Users/tiago/Documents/Projetos/Vanessa/gallery/src/app/api/categories/create/route.ts"
2025-11-22T18:36:02.458975Z  INFO tailwindcss_oxide::scanner: Reading "/Users/tiago/Documents/Projetos/Vanessa/gallery/src/app/[locale]/admin/public/upload/page.tsx"
2025-11-22T18:36:02.458809Z  INFO tailwindcss_oxide::scanner: Reading "/Users/tiago/Documents/Projetos/Vanessa/gallery/firestore.rules"
2025-11-22T18:36:02.459058Z  INFO tailwindcss_oxide::scanner: Reading "/Users/tiago/Documents/Projetos/Vanessa/gallery/src/components/reactBits/ImageTrail/ImageTrail.tsx"
2025-11-22T18:36:02.458973Z  INFO tailwindcss_oxide::scanner: Reading "/Users/tiago/Documents/Projetos/Vanessa/gallery/src/app/api/highlights/create/route.ts"
2025-11-22T18:36:02.459082Z  INFO tailwindcss_oxide::scanner: Reading "/Users/tiago/Documents/Projetos/Vanessa/gallery/src/components/reactBits/Masonry/Masonry.tsx"
2025-11-22T18:36:02.458973Z  INFO tailwindcss_oxide::scanner: Reading "/Users/tiago/Documents/Projetos/Vanessa/gallery/src/components/sections/portofolio/LazyPortfolio.tsx"
2025-11-22T18:36:02.459054Z  INFO tailwindcss_oxide::scanner: Reading "/Users/tiago/Documents/Projetos/Vanessa/gallery/functions/tsconfig.json"
2025-11-22T18:36:02.459056Z  INFO tailwindcss_oxide::scanner: Reading "/Users/tiago/Documents/Projetos/Vanessa/gallery/vitest.config.ts"
2025-11-22T18:36:02.459122Z  INFO tailwindcss_oxide::scanner: Reading "/Users/tiago/Documents/Projetos/Vanessa/gallery/src/components/sections/team/teamHomePage.tsx"
2025-11-22T18:36:02.458920Z  INFO tailwindcss_oxide::scanner: Reading "/Users/tiago/Documents/Projetos/Vanessa/gallery/.firebaserc"
2025-11-22T18:36:02.459090Z  INFO tailwindcss_oxide::scanner: Reading "/Users/tiago/Documents/Projetos/Vanessa/gallery/.env.production"
2025-11-22T18:36:02.459096Z  INFO tailwindcss_oxide::scanner: Reading "/Users/tiago/Documents/Projetos/Vanessa/gallery/src/app/api/categories/update/route.ts"
2025-11-22T18:36:02.458931Z  INFO tailwindcss_oxide::scanner: Reading "/Users/tiago/Documents/Projetos/Vanessa/gallery/src/app/api/public-photos/delete/route.test.ts"
2025-11-22T18:36:02.459104Z  INFO tailwindcss_oxide::scanner: Reading "/Users/tiago/Documents/Projetos/Vanessa/gallery/src/components/shared/navbar/navbar.tsx"
2025-11-22T18:36:02.459111Z  INFO tailwindcss_oxide::scanner: Reading "/Users/tiago/Documents/Projetos/Vanessa/gallery/src/app/[locale]/admin/layout.tsx"
2025-11-22T18:36:02.459071Z  INFO tailwindcss_oxide::scanner: Reading "/Users/tiago/Documents/Projetos/Vanessa/gallery/src/app/api/upload/route.ts"
2025-11-22T18:36:02.459133Z  INFO tailwindcss_oxide::scanner: Reading "/Users/tiago/Documents/Projetos/Vanessa/gallery/functions/src/index.ts"
2025-11-22T18:36:02.459140Z  INFO tailwindcss_oxide::scanner: Reading "/Users/tiago/Documents/Projetos/Vanessa/gallery/src/app/[locale]/page.tsx"
2025-11-22T18:36:02.459232Z  INFO tailwindcss_oxide::scanner: Reading "/Users/tiago/Documents/Projetos/Vanessa/gallery/src/app/api/upload/sequence/route.ts"
2025-11-22T18:36:02.459140Z  INFO tailwindcss_oxide::scanner: Reading "/Users/tiago/Documents/Projetos/Vanessa/gallery/test-results/summary.json"
2025-11-22T18:36:02.459254Z  INFO tailwindcss_oxide::scanner: Reading "/Users/tiago/Documents/Projetos/Vanessa/gallery/src/test/test-utils.tsx"
2025-11-22T18:36:02.459177Z  INFO tailwindcss_oxide::scanner: Reading "/Users/tiago/Documents/Projetos/Vanessa/gallery/storage.rules"
2025-11-22T18:36:02.459180Z  INFO tailwindcss_oxide::scanner: Reading "/Users/tiago/Documents/Projetos/Vanessa/gallery/tsconfig.json"
2025-11-22T18:36:02.459210Z  INFO tailwindcss_oxide::scanner: Reading "/Users/tiago/Documents/Projetos/Vanessa/gallery/src/components/storage/Uploader.tsx"
2025-11-22T18:36:02.459216Z  INFO tailwindcss_oxide::scanner: Reading "/Users/tiago/Documents/Projetos/Vanessa/gallery/src/app/[locale]/admin/users/page.tsx"
2025-11-22T18:36:02.459299Z  INFO tailwindcss_oxide::scanner: Reading "/Users/tiago/Documents/Projetos/Vanessa/gallery/vitest.reporter.ts"
2025-11-22T18:36:02.459240Z  INFO tailwindcss_oxide::scanner: Reading "/Users/tiago/Documents/Projetos/Vanessa/gallery/src/app/api/session-orders/[orderId]/confirm/route.ts"
2025-11-22T18:36:02.459310Z  INFO tailwindcss_oxide::scanner: Reading "/Users/tiago/Documents/Projetos/Vanessa/gallery/src/components/sessions/DownloadAllButton.tsx"
2025-11-22T18:36:02.459207Z  INFO tailwindcss_oxide::scanner: Reading "/Users/tiago/Documents/Projetos/Vanessa/gallery/src/app/api/public-photos/delete/route.ts"
2025-11-22T18:36:02.459177Z  INFO tailwindcss_oxide::scanner: Reading "/Users/tiago/Documents/Projetos/Vanessa/gallery/cors.json"
2025-11-22T18:36:02.459273Z  INFO tailwindcss_oxide::scanner: Reading "/Users/tiago/Documents/Projetos/Vanessa/gallery/test-results/test-log.ndjson"
2025-11-22T18:36:02.459277Z  INFO tailwindcss_oxide::scanner: Reading "/Users/tiago/Documents/Projetos/Vanessa/gallery/.env.local"
2025-11-22T18:36:02.459247Z  INFO tailwindcss_oxide::scanner: Reading "/Users/tiago/Documents/Projetos/Vanessa/gallery/src/app/[locale]/login/page.tsx"
2025-11-22T18:36:02.459370Z  INFO tailwindcss_oxide::scanner: Reading "/Users/tiago/Documents/Projetos/Vanessa/gallery/src/app/api/session-orders/[orderId]/download/route.ts"
2025-11-22T18:36:02.459320Z  INFO tailwindcss_oxide::scanner: Reading "/Users/tiago/Documents/Projetos/Vanessa/gallery/firebase.json"
2025-11-22T18:36:02.459388Z  INFO tailwindcss_oxide::scanner: Reading "/Users/tiago/Documents/Projetos/Vanessa/gallery/src/app/api/session-orders/[orderId]/route.ts"
2025-11-22T18:36:02.459391Z  INFO tailwindcss_oxide::scanner: Reading "/Users/tiago/Documents/Projetos/Vanessa/gallery/src/app/__tests__/sessionLinks.test.ts"
2025-11-22T18:36:02.459401Z  INFO tailwindcss_oxide::scanner: Reading "/Users/tiago/Documents/Projetos/Vanessa/gallery/remoteconfig.template.json"
2025-11-22T18:36:02.459405Z  INFO tailwindcss_oxide::scanner: Reading "/Users/tiago/Documents/Projetos/Vanessa/gallery/src/app/api/session-orders/route.ts"
2025-11-22T18:36:02.459357Z  INFO tailwindcss_oxide::scanner: Reading "/Users/tiago/Documents/Projetos/Vanessa/gallery/setupTests.ts"
2025-11-22T18:36:02.459365Z  INFO tailwindcss_oxide::scanner: Reading "/Users/tiago/Documents/Projetos/Vanessa/gallery/.firebase/gallery-e87e5/functions/.env.local"
2025-11-22T18:36:02.459311Z  INFO tailwindcss_oxide::scanner: Reading "/Users/tiago/Documents/Projetos/Vanessa/gallery/src/app/[locale]/admin/highlights/page.tsx"
2025-11-22T18:36:02.459272Z  INFO tailwindcss_oxide::scanner: Reading "/Users/tiago/Documents/Projetos/Vanessa/gallery/src/components/ui/auth/CardAuth.tsx"
2025-11-22T18:36:02.459461Z  INFO tailwindcss_oxide::scanner: Reading "/Users/tiago/Documents/Projetos/Vanessa/gallery/src/app/[locale]/admin/page.tsx"
2025-11-22T18:36:02.459338Z  INFO tailwindcss_oxide::scanner: Reading "/Users/tiago/Documents/Projetos/Vanessa/gallery/src/app/api/public-photos/delete-all/route.ts"
2025-11-22T18:36:02.459411Z  INFO tailwindcss_oxide::scanner: Reading "/Users/tiago/Documents/Projetos/Vanessa/gallery/src/app/api/auth/[...nextauth]/route.ts"
2025-11-22T18:36:02.459421Z  INFO tailwindcss_oxide::scanner: Reading "/Users/tiago/Documents/Projetos/Vanessa/gallery/.firebase/gallery-e87e5/functions/.env"
2025-11-22T18:36:02.459359Z  INFO tailwindcss_oxide::scanner: Reading "/Users/tiago/Documents/Projetos/Vanessa/gallery/next.config.ts"
2025-11-22T18:36:02.459504Z  INFO tailwindcss_oxide::scanner: Reading "/Users/tiago/Documents/Projetos/Vanessa/gallery/src/app/api/auth/session/route.ts"
2025-11-22T18:36:02.459510Z  INFO tailwindcss_oxide::scanner: Reading "/Users/tiago/Documents/Projetos/Vanessa/gallery/postcss.config.mjs"
2025-11-22T18:36:02.459450Z  INFO tailwindcss_oxide::scanner: Reading "/Users/tiago/Documents/Projetos/Vanessa/gallery/README.md"
2025-11-22T18:36:02.459332Z  INFO tailwindcss_oxide::scanner: Reading "/Users/tiago/Documents/Projetos/Vanessa/gallery/src/components/portfolio/PublicGallery.tsx"
2025-11-22T18:36:02.459478Z  INFO tailwindcss_oxide::scanner: Reading "/Users/tiago/Documents/Projetos/Vanessa/gallery/src/app/[locale]/admin/categories/page.tsx"
2025-11-22T18:36:02.459547Z  INFO tailwindcss_oxide::scanner: Reading "/Users/tiago/Documents/Projetos/Vanessa/gallery/tailwind.config.ts"
2025-11-22T18:36:02.459481Z  INFO tailwindcss_oxide::scanner: Reading "/Users/tiago/Documents/Projetos/Vanessa/gallery/src/components/ui/auth/card.tsx"
2025-11-22T18:36:02.459424Z  INFO tailwindcss_oxide::scanner: Reading "/Users/tiago/Documents/Projetos/Vanessa/gallery/src/app/api/session-orders/pending/route.ts"
2025-11-22T18:36:02.459454Z  INFO tailwindcss_oxide::scanner: Reading "/Users/tiago/Documents/Projetos/Vanessa/gallery/src/app/api/public-photos/list/route.test.ts"
2025-11-22T18:36:02.459521Z  INFO tailwindcss_oxide::scanner: Reading "/Users/tiago/Documents/Projetos/Vanessa/gallery/~"
2025-11-22T18:36:02.459521Z  INFO tailwindcss_oxide::scanner: Reading "/Users/tiago/Documents/Projetos/Vanessa/gallery/src/app/api/storage/list/route.ts"
2025-11-22T18:36:02.459525Z  INFO tailwindcss_oxide::scanner: Reading "/Users/tiago/Documents/Projetos/Vanessa/gallery/src/app/api/storage/sign/route.ts"
2025-11-22T18:36:02.459622Z  INFO tailwindcss_oxide::scanner: Reading "/Users/tiago/Documents/Projetos/Vanessa/gallery/firestore.indexes.json"
2025-11-22T18:36:02.459554Z  INFO tailwindcss_oxide::scanner: Reading "/Users/tiago/Documents/Projetos/Vanessa/gallery/src/components/hero/hero.tsx"
2025-11-22T18:36:02.459484Z  INFO tailwindcss_oxide::scanner: Reading "/Users/tiago/Documents/Projetos/Vanessa/gallery/src/app/[locale]/sessions/orders/[orderId]/download/page.tsx"
2025-11-22T18:36:02.459572Z  INFO tailwindcss_oxide::scanner: Reading "/Users/tiago/Documents/Projetos/Vanessa/gallery/package.json"
2025-11-22T18:36:02.459667Z  INFO tailwindcss_oxide::scanner: Reading "/Users/tiago/Documents/Projetos/Vanessa/gallery/src/hooks/useInView.ts"
2025-11-22T18:36:02.459597Z  INFO tailwindcss_oxide::scanner: Reading "/Users/tiago/Documents/Projetos/Vanessa/gallery/src/app/api/session-photos/register/route.ts"
2025-11-22T18:36:02.459608Z  INFO tailwindcss_oxide::scanner: Reading "/Users/tiago/Documents/Projetos/Vanessa/gallery/.github/workflows/firebase-hosting-pull-request.yml"
2025-11-22T18:36:02.459629Z  INFO tailwindcss_oxide::scanner: Reading "/Users/tiago/Documents/Projetos/Vanessa/gallery/.github/workflows/firebase-hosting-merge.yml"
2025-11-22T18:36:02.459562Z  INFO tailwindcss_oxide::scanner: Reading "/Users/tiago/Documents/Projetos/Vanessa/gallery/src/app/[locale]/portofolio/page.tsx"
2025-11-22T18:36:02.459640Z  INFO tailwindcss_oxide::scanner: Reading "/Users/tiago/Documents/Projetos/Vanessa/gallery/src/middleware.ts"
2025-11-22T18:36:02.459643Z  INFO tailwindcss_oxide::scanner: Reading "/Users/tiago/Documents/Projetos/Vanessa/gallery/src/app/api/session-orders/helpers.ts"
2025-11-22T18:36:02.459674Z  INFO tailwindcss_oxide::scanner: Reading "/Users/tiago/Documents/Projetos/Vanessa/gallery/src/app/[locale]/sessions/orders/[orderId]/page.tsx"
2025-11-22T18:36:02.459682Z  INFO tailwindcss_oxide::scanner: Reading "/Users/tiago/Documents/Projetos/Vanessa/gallery/src/app/[locale]/sessions/page.tsx"
2025-11-22T18:36:02.459597Z  INFO tailwindcss_oxide::scanner: Reading "/Users/tiago/Documents/Projetos/Vanessa/gallery/src/lib/storage/zip.ts"
2025-11-22T18:36:02.459688Z  INFO tailwindcss_oxide::scanner: Reading "/Users/tiago/Documents/Projetos/Vanessa/gallery/src/lib/admin/sequence.ts"
2025-11-22T18:36:02.459800Z  INFO tailwindcss_oxide::scanner: Reading "/Users/tiago/Documents/Projetos/Vanessa/gallery/src/i18n/navigation.ts"
2025-11-22T18:36:02.459806Z  INFO tailwindcss_oxide::scanner: Reading "/Users/tiago/Documents/Projetos/Vanessa/gallery/src/lib/firebase/admin.ts"
2025-11-22T18:36:02.459720Z  INFO tailwindcss_oxide::scanner: Reading "/Users/tiago/Documents/Projetos/Vanessa/gallery/src/app/api/session-photos/download/route.ts"
2025-11-22T18:36:02.459748Z  INFO tailwindcss_oxide::scanner: Reading "/Users/tiago/Documents/Projetos/Vanessa/gallery/src/locales/pt/common.json"
2025-11-22T18:36:02.459832Z  INFO tailwindcss_oxide::scanner: Reading "/Users/tiago/Documents/Projetos/Vanessa/gallery/src/lib/firebase/client.ts"
2025-11-22T18:36:02.459754Z  INFO tailwindcss_oxide::scanner: Reading "/Users/tiago/Documents/Projetos/Vanessa/gallery/src/lib/highlights.ts"
2025-11-22T18:36:02.459786Z  INFO tailwindcss_oxide::scanner: Reading "/Users/tiago/Documents/Projetos/Vanessa/gallery/src/lib/categories.test.ts"
2025-11-22T18:36:02.459719Z  INFO tailwindcss_oxide::scanner: Reading "/Users/tiago/Documents/Projetos/Vanessa/gallery/src/app/[locale]/sessions/[sessionId]/page.tsx"
2025-11-22T18:36:02.459728Z  INFO tailwindcss_oxide::scanner: Reading "/Users/tiago/Documents/Projetos/Vanessa/gallery/src/app/[locale]/layout.tsx"
2025-11-22T18:36:02.459818Z  INFO tailwindcss_oxide::scanner: Reading "/Users/tiago/Documents/Projetos/Vanessa/gallery/src/lib/auth.ts"
2025-11-22T18:36:02.459825Z  INFO tailwindcss_oxide::scanner: Reading "/Users/tiago/Documents/Projetos/Vanessa/gallery/src/i18n/routing.ts"
2025-11-22T18:36:02.459908Z  INFO tailwindcss_oxide::scanner: Reading "/Users/tiago/Documents/Projetos/Vanessa/gallery/src/i18n/provider.tsx"
2025-11-22T18:36:02.459847Z  INFO tailwindcss_oxide::scanner: Reading "/Users/tiago/Documents/Projetos/Vanessa/gallery/src/lib/FirebaseClient.ts"
2025-11-22T18:36:02.459924Z  INFO tailwindcss_oxide::scanner: Reading "/Users/tiago/Documents/Projetos/Vanessa/gallery/src/lib/publicPhotos.test.ts"
2025-11-22T18:36:02.459867Z  INFO tailwindcss_oxide::scanner: Reading "/Users/tiago/Documents/Projetos/Vanessa/gallery/src/i18n/request.ts"
2025-11-22T18:36:02.459882Z  INFO tailwindcss_oxide::scanner: Reading "/Users/tiago/Documents/Projetos/Vanessa/gallery/src/lib/firebase/ensureAuth.test.ts"
2025-11-22T18:36:02.459911Z  INFO tailwindcss_oxide::scanner: Reading "/Users/tiago/Documents/Projetos/Vanessa/gallery/src/lib/publicPhotos.ts"
2025-11-22T18:36:02.459913Z  INFO tailwindcss_oxide::scanner: Reading "/Users/tiago/Documents/Projetos/Vanessa/gallery/src/lib/sessions/share.ts"
2025-11-22T18:36:02.459755Z  INFO tailwindcss_oxide::scanner: Reading "/Users/tiago/Documents/Projetos/Vanessa/gallery/src/app/api/session-photos/list/route.ts"
2025-11-22T18:36:02.459956Z  INFO tailwindcss_oxide::scanner: Reading "/Users/tiago/Documents/Projetos/Vanessa/gallery/src/lib/categories.ts"
2025-11-22T18:36:02.459867Z  INFO tailwindcss_oxide::scanner: Reading "/Users/tiago/Documents/Projetos/Vanessa/gallery/src/lib/firebase/ensureAuth.ts"
2025-11-22T18:36:02.460031Z  INFO extract_candidates:read_all_files: tailwindcss_oxide::scanner: exit
2025-11-22T18:36:02.460035Z  INFO extract_candidates:parse_all_blobs: tailwindcss_oxide::scanner: enter
2025-11-22T18:36:02.460037Z  INFO extract_candidates:parse_all_blobs:extract: tailwindcss_oxide::scanner: enter
2025-11-22T18:36:02.461284Z  INFO extract_candidates:parse_all_blobs:extract: tailwindcss_oxide::scanner: exit
2025-11-22T18:36:02.461295Z  INFO extract_candidates:parse_all_blobs: tailwindcss_oxide::scanner: exit
2025-11-22T18:36:02.461298Z  INFO extract_candidates:read_all_files: tailwindcss_oxide::scanner: enter
2025-11-22T18:36:02.461299Z  INFO extract_candidates:read_all_files: tailwindcss_oxide::scanner: Reading 3 file(s)
2025-11-22T18:36:02.461331Z  INFO tailwindcss_oxide::scanner: Reading "/Users/tiago/Documents/Projetos/Vanessa/gallery/src/styles/globals.css"
2025-11-22T18:36:02.461333Z  INFO tailwindcss_oxide::scanner: Reading "/Users/tiago/Documents/Projetos/Vanessa/gallery/src/styles/shared/hero/hero.css"
2025-11-22T18:36:02.461333Z  INFO tailwindcss_oxide::scanner: Reading "/Users/tiago/Documents/Projetos/Vanessa/gallery/src/styles/shared/navbar/navbar.css"
2025-11-22T18:36:02.461349Z  INFO extract_candidates:read_all_files: tailwindcss_oxide::scanner: exit
2025-11-22T18:36:02.461352Z  INFO extract_candidates:extract_css_variables: tailwindcss_oxide::scanner: enter
2025-11-22T18:36:02.461354Z  INFO extract_candidates:extract_css_variables:extract: tailwindcss_oxide::scanner: enter
2025-11-22T18:36:02.461410Z  INFO extract_candidates:extract_css_variables:extract: tailwindcss_oxide::scanner: exit
2025-11-22T18:36:02.461414Z  INFO extract_candidates:extract_css_variables: tailwindcss_oxide::scanner: exit
2025-11-22T18:36:02.461775Z  INFO extract_candidates: tailwindcss_oxide::scanner: exit
2025-11-22T18:36:02.462246Z  INFO get_files: tailwindcss_oxide::scanner: enter
2025-11-22T18:36:02.462250Z  INFO get_files:scan_sources: tailwindcss_oxide::scanner: enter
2025-11-22T18:36:02.462548Z  INFO get_files:scan_sources: tailwindcss_oxide::scanner: Discovering "/Users/tiago/Documents/Projetos/Vanessa/gallery/.firebase"
2025-11-22T18:36:02.462573Z  INFO get_files:scan_sources: tailwindcss_oxide::scanner: Discovering "/Users/tiago/Documents/Projetos/Vanessa/gallery/.firebase/gallery-e87e5"
2025-11-22T18:36:02.462596Z  INFO get_files:scan_sources: tailwindcss_oxide::scanner: Discovering "/Users/tiago/Documents/Projetos/Vanessa/gallery/.firebase/gallery-e87e5/functions"
2025-11-22T18:36:02.462722Z  INFO get_files:scan_sources: tailwindcss_oxide::scanner: Discovering "/Users/tiago/Documents/Projetos/Vanessa/gallery/public"
2025-11-22T18:36:02.462742Z  INFO get_files:scan_sources: tailwindcss_oxide::scanner: Discovering "/Users/tiago/Documents/Projetos/Vanessa/gallery/public/images"
2025-11-22T18:36:02.462762Z  INFO get_files:scan_sources: tailwindcss_oxide::scanner: Discovering "/Users/tiago/Documents/Projetos/Vanessa/gallery/public/brand"
2025-11-22T18:36:02.462779Z  INFO get_files:scan_sources: tailwindcss_oxide::scanner: Discovering "/Users/tiago/Documents/Projetos/Vanessa/gallery/public/brand/team"
2025-11-22T18:36:02.462810Z  INFO get_files:scan_sources: tailwindcss_oxide::scanner: Discovering "/Users/tiago/Documents/Projetos/Vanessa/gallery/.github"
2025-11-22T18:36:02.462829Z  INFO get_files:scan_sources: tailwindcss_oxide::scanner: Discovering "/Users/tiago/Documents/Projetos/Vanessa/gallery/.github/workflows"
2025-11-22T18:36:02.462857Z  INFO get_files:scan_sources: tailwindcss_oxide::scanner: Discovering "/Users/tiago/Documents/Projetos/Vanessa/gallery/functions"
2025-11-22T18:36:02.462912Z  INFO get_files:scan_sources: tailwindcss_oxide::scanner: Discovering "/Users/tiago/Documents/Projetos/Vanessa/gallery/functions/lib"
2025-11-22T18:36:02.462934Z  INFO get_files:scan_sources: tailwindcss_oxide::scanner: Discovering "/Users/tiago/Documents/Projetos/Vanessa/gallery/functions/src"
2025-11-22T18:36:02.462997Z  INFO get_files:scan_sources: tailwindcss_oxide::scanner: Discovering "/Users/tiago/Documents/Projetos/Vanessa/gallery/test-results"
2025-11-22T18:36:02.463045Z  INFO get_files:scan_sources: tailwindcss_oxide::scanner: Discovering "/Users/tiago/Documents/Projetos/Vanessa/gallery/src"
2025-11-22T18:36:02.463069Z  INFO get_files:scan_sources: tailwindcss_oxide::scanner: Discovering "/Users/tiago/Documents/Projetos/Vanessa/gallery/src/locales"
2025-11-22T18:36:02.463088Z  INFO get_files:scan_sources: tailwindcss_oxide::scanner: Discovering "/Users/tiago/Documents/Projetos/Vanessa/gallery/src/locales/pt"
2025-11-22T18:36:02.463112Z  INFO get_files:scan_sources: tailwindcss_oxide::scanner: Discovering "/Users/tiago/Documents/Projetos/Vanessa/gallery/src/locales/en"
2025-11-22T18:36:02.463146Z  INFO get_files:scan_sources: tailwindcss_oxide::scanner: Discovering "/Users/tiago/Documents/Projetos/Vanessa/gallery/src/app"
2025-11-22T18:36:02.463172Z  INFO get_files:scan_sources: tailwindcss_oxide::scanner: Discovering "/Users/tiago/Documents/Projetos/Vanessa/gallery/src/app/[locale]"
2025-11-22T18:36:02.463202Z  INFO get_files:scan_sources: tailwindcss_oxide::scanner: Discovering "/Users/tiago/Documents/Projetos/Vanessa/gallery/src/app/[locale]/admin"
2025-11-22T18:36:02.463220Z  INFO get_files:scan_sources: tailwindcss_oxide::scanner: Discovering "/Users/tiago/Documents/Projetos/Vanessa/gallery/src/app/[locale]/admin/payments"
2025-11-22T18:36:02.463248Z  INFO get_files:scan_sources: tailwindcss_oxide::scanner: Discovering "/Users/tiago/Documents/Projetos/Vanessa/gallery/src/app/[locale]/admin/public"
2025-11-22T18:36:02.463277Z  INFO get_files:scan_sources: tailwindcss_oxide::scanner: Discovering "/Users/tiago/Documents/Projetos/Vanessa/gallery/src/app/[locale]/admin/public/list"
2025-11-22T18:36:02.463311Z  INFO get_files:scan_sources: tailwindcss_oxide::scanner: Discovering "/Users/tiago/Documents/Projetos/Vanessa/gallery/src/app/[locale]/admin/public/upload"
2025-11-22T18:36:02.463352Z  INFO get_files:scan_sources: tailwindcss_oxide::scanner: Discovering "/Users/tiago/Documents/Projetos/Vanessa/gallery/src/app/[locale]/admin/users"
2025-11-22T18:36:02.463392Z  INFO get_files:scan_sources: tailwindcss_oxide::scanner: Discovering "/Users/tiago/Documents/Projetos/Vanessa/gallery/src/app/[locale]/admin/highlights"
2025-11-22T18:36:02.463432Z  INFO get_files:scan_sources: tailwindcss_oxide::scanner: Discovering "/Users/tiago/Documents/Projetos/Vanessa/gallery/src/app/[locale]/admin/categories"
2025-11-22T18:36:02.463462Z  INFO get_files:scan_sources: tailwindcss_oxide::scanner: Discovering "/Users/tiago/Documents/Projetos/Vanessa/gallery/src/app/[locale]/portofolio"
2025-11-22T18:36:02.463490Z  INFO get_files:scan_sources: tailwindcss_oxide::scanner: Discovering "/Users/tiago/Documents/Projetos/Vanessa/gallery/src/app/[locale]/sessions"
2025-11-22T18:36:02.463515Z  INFO get_files:scan_sources: tailwindcss_oxide::scanner: Discovering "/Users/tiago/Documents/Projetos/Vanessa/gallery/src/app/[locale]/sessions/[sessionId]"
2025-11-22T18:36:02.463541Z  INFO get_files:scan_sources: tailwindcss_oxide::scanner: Discovering "/Users/tiago/Documents/Projetos/Vanessa/gallery/src/app/[locale]/sessions/orders"
2025-11-22T18:36:02.463568Z  INFO get_files:scan_sources: tailwindcss_oxide::scanner: Discovering "/Users/tiago/Documents/Projetos/Vanessa/gallery/src/app/[locale]/sessions/orders/[orderId]"
2025-11-22T18:36:02.463599Z  INFO get_files:scan_sources: tailwindcss_oxide::scanner: Discovering "/Users/tiago/Documents/Projetos/Vanessa/gallery/src/app/[locale]/sessions/orders/[orderId]/download"
2025-11-22T18:36:02.463654Z  INFO get_files:scan_sources: tailwindcss_oxide::scanner: Discovering "/Users/tiago/Documents/Projetos/Vanessa/gallery/src/app/[locale]/login"
2025-11-22T18:36:02.463686Z  INFO get_files:scan_sources: tailwindcss_oxide::scanner: Discovering "/Users/tiago/Documents/Projetos/Vanessa/gallery/src/app/__tests__"
2025-11-22T18:36:02.463719Z  INFO get_files:scan_sources: tailwindcss_oxide::scanner: Discovering "/Users/tiago/Documents/Projetos/Vanessa/gallery/src/app/api"
2025-11-22T18:36:02.463747Z  INFO get_files:scan_sources: tailwindcss_oxide::scanner: Discovering "/Users/tiago/Documents/Projetos/Vanessa/gallery/src/app/api/auth"
2025-11-22T18:36:02.463776Z  INFO get_files:scan_sources: tailwindcss_oxide::scanner: Discovering "/Users/tiago/Documents/Projetos/Vanessa/gallery/src/app/api/auth/[...nextauth]"
2025-11-22T18:36:02.463819Z  INFO get_files:scan_sources: tailwindcss_oxide::scanner: Discovering "/Users/tiago/Documents/Projetos/Vanessa/gallery/src/app/api/auth/session"
2025-11-22T18:36:02.463870Z  INFO get_files:scan_sources: tailwindcss_oxide::scanner: Discovering "/Users/tiago/Documents/Projetos/Vanessa/gallery/src/app/api/storage"
2025-11-22T18:36:02.463898Z  INFO get_files:scan_sources: tailwindcss_oxide::scanner: Discovering "/Users/tiago/Documents/Projetos/Vanessa/gallery/src/app/api/storage/list"
2025-11-22T18:36:02.464002Z  INFO get_files:scan_sources: tailwindcss_oxide::scanner: Discovering "/Users/tiago/Documents/Projetos/Vanessa/gallery/src/app/api/storage/sign"
2025-11-22T18:36:02.464047Z  INFO get_files:scan_sources: tailwindcss_oxide::scanner: Discovering "/Users/tiago/Documents/Projetos/Vanessa/gallery/src/app/api/session-orders"
2025-11-22T18:36:02.464073Z  INFO get_files:scan_sources: tailwindcss_oxide::scanner: Discovering "/Users/tiago/Documents/Projetos/Vanessa/gallery/src/app/api/session-orders/[orderId]"
2025-11-22T18:36:02.464092Z  INFO get_files:scan_sources: tailwindcss_oxide::scanner: Discovering "/Users/tiago/Documents/Projetos/Vanessa/gallery/src/app/api/session-orders/[orderId]/confirm"
2025-11-22T18:36:02.464117Z  INFO get_files:scan_sources: tailwindcss_oxide::scanner: Discovering "/Users/tiago/Documents/Projetos/Vanessa/gallery/src/app/api/session-orders/[orderId]/download"
2025-11-22T18:36:02.464156Z  INFO get_files:scan_sources: tailwindcss_oxide::scanner: Discovering "/Users/tiago/Documents/Projetos/Vanessa/gallery/src/app/api/session-orders/pending"
2025-11-22T18:36:02.464183Z  INFO get_files:scan_sources: tailwindcss_oxide::scanner: Discovering "/Users/tiago/Documents/Projetos/Vanessa/gallery/src/app/api/session-photos"
2025-11-22T18:36:02.464207Z  INFO get_files:scan_sources: tailwindcss_oxide::scanner: Discovering "/Users/tiago/Documents/Projetos/Vanessa/gallery/src/app/api/session-photos/register"
2025-11-22T18:36:02.464239Z  INFO get_files:scan_sources: tailwindcss_oxide::scanner: Discovering "/Users/tiago/Documents/Projetos/Vanessa/gallery/src/app/api/session-photos/download"
2025-11-22T18:36:02.464259Z  INFO get_files:scan_sources: tailwindcss_oxide::scanner: Discovering "/Users/tiago/Documents/Projetos/Vanessa/gallery/src/app/api/session-photos/list"
2025-11-22T18:36:02.464287Z  INFO get_files:scan_sources: tailwindcss_oxide::scanner: Discovering "/Users/tiago/Documents/Projetos/Vanessa/gallery/src/app/api/session-photos/download-all"
2025-11-22T18:36:02.464317Z  INFO get_files:scan_sources: tailwindcss_oxide::scanner: Discovering "/Users/tiago/Documents/Projetos/Vanessa/gallery/src/app/api/users"
2025-11-22T18:36:02.464345Z  INFO get_files:scan_sources: tailwindcss_oxide::scanner: Discovering "/Users/tiago/Documents/Projetos/Vanessa/gallery/src/app/api/highlights"
2025-11-22T18:36:02.464370Z  INFO get_files:scan_sources: tailwindcss_oxide::scanner: Discovering "/Users/tiago/Documents/Projetos/Vanessa/gallery/src/app/api/highlights/update"
2025-11-22T18:36:02.464407Z  INFO get_files:scan_sources: tailwindcss_oxide::scanner: Discovering "/Users/tiago/Documents/Projetos/Vanessa/gallery/src/app/api/highlights/delete"
2025-11-22T18:36:02.464442Z  INFO get_files:scan_sources: tailwindcss_oxide::scanner: Discovering "/Users/tiago/Documents/Projetos/Vanessa/gallery/src/app/api/highlights/list"
2025-11-22T18:36:02.464477Z  INFO get_files:scan_sources: tailwindcss_oxide::scanner: Discovering "/Users/tiago/Documents/Projetos/Vanessa/gallery/src/app/api/highlights/create"
2025-11-22T18:36:02.464517Z  INFO get_files:scan_sources: tailwindcss_oxide::scanner: Discovering "/Users/tiago/Documents/Projetos/Vanessa/gallery/src/app/api/categories"
2025-11-22T18:36:02.464539Z  INFO get_files:scan_sources: tailwindcss_oxide::scanner: Discovering "/Users/tiago/Documents/Projetos/Vanessa/gallery/src/app/api/categories/update"
2025-11-22T18:36:02.464572Z  INFO get_files:scan_sources: tailwindcss_oxide::scanner: Discovering "/Users/tiago/Documents/Projetos/Vanessa/gallery/src/app/api/categories/delete"
2025-11-22T18:36:02.464610Z  INFO get_files:scan_sources: tailwindcss_oxide::scanner: Discovering "/Users/tiago/Documents/Projetos/Vanessa/gallery/src/app/api/categories/create"
2025-11-22T18:36:02.464639Z  INFO get_files:scan_sources: tailwindcss_oxide::scanner: Discovering "/Users/tiago/Documents/Projetos/Vanessa/gallery/src/app/api/public-photos"
2025-11-22T18:36:02.464663Z  INFO get_files:scan_sources: tailwindcss_oxide::scanner: Discovering "/Users/tiago/Documents/Projetos/Vanessa/gallery/src/app/api/public-photos/delete"
2025-11-22T18:36:02.464698Z  INFO get_files:scan_sources: tailwindcss_oxide::scanner: Discovering "/Users/tiago/Documents/Projetos/Vanessa/gallery/src/app/api/public-photos/delete-all"
2025-11-22T18:36:02.464727Z  INFO get_files:scan_sources: tailwindcss_oxide::scanner: Discovering "/Users/tiago/Documents/Projetos/Vanessa/gallery/src/app/api/public-photos/list"
2025-11-22T18:36:02.464753Z  INFO get_files:scan_sources: tailwindcss_oxide::scanner: Discovering "/Users/tiago/Documents/Projetos/Vanessa/gallery/src/app/api/public-photos/create"
2025-11-22T18:36:02.464776Z  INFO get_files:scan_sources: tailwindcss_oxide::scanner: Discovering "/Users/tiago/Documents/Projetos/Vanessa/gallery/src/app/api/upload"
2025-11-22T18:36:02.464795Z  INFO get_files:scan_sources: tailwindcss_oxide::scanner: Discovering "/Users/tiago/Documents/Projetos/Vanessa/gallery/src/app/api/upload/sequence"
2025-11-22T18:36:02.464818Z  INFO get_files:scan_sources: tailwindcss_oxide::scanner: Discovering "/Users/tiago/Documents/Projetos/Vanessa/gallery/src/test"
2025-11-22T18:36:02.464837Z  INFO get_files:scan_sources: tailwindcss_oxide::scanner: Discovering "/Users/tiago/Documents/Projetos/Vanessa/gallery/src/styles"
2025-11-22T18:36:02.464859Z  INFO get_files:scan_sources: tailwindcss_oxide::scanner: Discovering "/Users/tiago/Documents/Projetos/Vanessa/gallery/src/styles/shared"
2025-11-22T18:36:02.464881Z  INFO get_files:scan_sources: tailwindcss_oxide::scanner: Discovering "/Users/tiago/Documents/Projetos/Vanessa/gallery/src/styles/shared/navbar"
2025-11-22T18:36:02.464912Z  INFO get_files:scan_sources: tailwindcss_oxide::scanner: Discovering "/Users/tiago/Documents/Projetos/Vanessa/gallery/src/styles/shared/hero"
2025-11-22T18:36:02.464943Z  INFO get_files:scan_sources: tailwindcss_oxide::scanner: Discovering "/Users/tiago/Documents/Projetos/Vanessa/gallery/src/components"
2025-11-22T18:36:02.464964Z  INFO get_files:scan_sources: tailwindcss_oxide::scanner: Discovering "/Users/tiago/Documents/Projetos/Vanessa/gallery/src/components/ui"
2025-11-22T18:36:02.464983Z  INFO get_files:scan_sources: tailwindcss_oxide::scanner: Discovering "/Users/tiago/Documents/Projetos/Vanessa/gallery/src/components/ui/auth"
2025-11-22T18:36:02.465050Z  INFO get_files:scan_sources: tailwindcss_oxide::scanner: Discovering "/Users/tiago/Documents/Projetos/Vanessa/gallery/src/components/sections"
2025-11-22T18:36:02.465066Z  INFO get_files:scan_sources: tailwindcss_oxide::scanner: Discovering "/Users/tiago/Documents/Projetos/Vanessa/gallery/src/components/sections/portofolio"
2025-11-22T18:36:02.465093Z  INFO get_files:scan_sources: tailwindcss_oxide::scanner: Discovering "/Users/tiago/Documents/Projetos/Vanessa/gallery/src/components/sections/team"
2025-11-22T18:36:02.465129Z  INFO get_files:scan_sources: tailwindcss_oxide::scanner: Discovering "/Users/tiago/Documents/Projetos/Vanessa/gallery/src/components/sections/conatct"
2025-11-22T18:36:02.465159Z  INFO get_files:scan_sources: tailwindcss_oxide::scanner: Discovering "/Users/tiago/Documents/Projetos/Vanessa/gallery/src/components/admin"
2025-11-22T18:36:02.465187Z  INFO get_files:scan_sources: tailwindcss_oxide::scanner: Discovering "/Users/tiago/Documents/Projetos/Vanessa/gallery/src/components/admin/adapters"
2025-11-22T18:36:02.465217Z  INFO get_files:scan_sources: tailwindcss_oxide::scanner: Discovering "/Users/tiago/Documents/Projetos/Vanessa/gallery/src/components/reactBits"
2025-11-22T18:36:02.465243Z  INFO get_files:scan_sources: tailwindcss_oxide::scanner: Discovering "/Users/tiago/Documents/Projetos/Vanessa/gallery/src/components/reactBits/glareHover"
2025-11-22T18:36:02.465277Z  INFO get_files:scan_sources: tailwindcss_oxide::scanner: Discovering "/Users/tiago/Documents/Projetos/Vanessa/gallery/src/components/reactBits/TextType"
2025-11-22T18:36:02.465310Z  INFO get_files:scan_sources: tailwindcss_oxide::scanner: Discovering "/Users/tiago/Documents/Projetos/Vanessa/gallery/src/components/reactBits/ImageTrail"
2025-11-22T18:36:02.465351Z  INFO get_files:scan_sources: tailwindcss_oxide::scanner: Discovering "/Users/tiago/Documents/Projetos/Vanessa/gallery/src/components/reactBits/Masonry"
2025-11-22T18:36:02.465391Z  INFO get_files:scan_sources: tailwindcss_oxide::scanner: Discovering "/Users/tiago/Documents/Projetos/Vanessa/gallery/src/components/shared"
2025-11-22T18:36:02.465414Z  INFO get_files:scan_sources: tailwindcss_oxide::scanner: Discovering "/Users/tiago/Documents/Projetos/Vanessa/gallery/src/components/shared/navbar"
2025-11-22T18:36:02.465453Z  INFO get_files:scan_sources: tailwindcss_oxide::scanner: Discovering "/Users/tiago/Documents/Projetos/Vanessa/gallery/src/components/storage"
2025-11-22T18:36:02.465486Z  INFO get_files:scan_sources: tailwindcss_oxide::scanner: Discovering "/Users/tiago/Documents/Projetos/Vanessa/gallery/src/components/sessions"
2025-11-22T18:36:02.465517Z  INFO get_files:scan_sources: tailwindcss_oxide::scanner: Discovering "/Users/tiago/Documents/Projetos/Vanessa/gallery/src/components/portfolio"
2025-11-22T18:36:02.465550Z  INFO get_files:scan_sources: tailwindcss_oxide::scanner: Discovering "/Users/tiago/Documents/Projetos/Vanessa/gallery/src/components/hero"
2025-11-22T18:36:02.465583Z  INFO get_files:scan_sources: tailwindcss_oxide::scanner: Discovering "/Users/tiago/Documents/Projetos/Vanessa/gallery/src/hooks"
2025-11-22T18:36:02.465611Z  INFO get_files:scan_sources: tailwindcss_oxide::scanner: Discovering "/Users/tiago/Documents/Projetos/Vanessa/gallery/src/lib"
2025-11-22T18:36:02.465659Z  INFO get_files:scan_sources: tailwindcss_oxide::scanner: Discovering "/Users/tiago/Documents/Projetos/Vanessa/gallery/src/lib/admin"
2025-11-22T18:36:02.465690Z  INFO get_files:scan_sources: tailwindcss_oxide::scanner: Discovering "/Users/tiago/Documents/Projetos/Vanessa/gallery/src/lib/storage"
2025-11-22T18:36:02.465781Z  INFO get_files:scan_sources: tailwindcss_oxide::scanner: Discovering "/Users/tiago/Documents/Projetos/Vanessa/gallery/src/lib/firebase"
2025-11-22T18:36:02.466016Z  INFO get_files:scan_sources: tailwindcss_oxide::scanner: Discovering "/Users/tiago/Documents/Projetos/Vanessa/gallery/src/lib/sessions"
2025-11-22T18:36:02.466359Z  INFO get_files:scan_sources: tailwindcss_oxide::scanner: Discovering "/Users/tiago/Documents/Projetos/Vanessa/gallery/src/i18n"
2025-11-22T18:36:02.466438Z  INFO get_files:scan_sources: tailwindcss_oxide::scanner: exit
2025-11-22T18:36:02.466544Z  INFO get_files: tailwindcss_oxide::scanner: exit
2025-11-22T18:36:02.466745Z  INFO get_globs: tailwindcss_oxide::scanner: enter
2025-11-22T18:36:02.466749Z  INFO get_globs:scan_sources: tailwindcss_oxide::scanner: enter
2025-11-22T18:36:02.467214Z  INFO get_globs:scan_sources: tailwindcss_oxide::scanner: Discovering "/Users/tiago/Documents/Projetos/Vanessa/gallery/.firebase"
2025-11-22T18:36:02.467248Z  INFO get_globs:scan_sources: tailwindcss_oxide::scanner: Discovering "/Users/tiago/Documents/Projetos/Vanessa/gallery/.firebase/gallery-e87e5"
2025-11-22T18:36:02.467278Z  INFO get_globs:scan_sources: tailwindcss_oxide::scanner: Discovering "/Users/tiago/Documents/Projetos/Vanessa/gallery/.firebase/gallery-e87e5/functions"
2025-11-22T18:36:02.467397Z  INFO get_globs:scan_sources: tailwindcss_oxide::scanner: Discovering "/Users/tiago/Documents/Projetos/Vanessa/gallery/public"
2025-11-22T18:36:02.467416Z  INFO get_globs:scan_sources: tailwindcss_oxide::scanner: Discovering "/Users/tiago/Documents/Projetos/Vanessa/gallery/public/images"
2025-11-22T18:36:02.467444Z  INFO get_globs:scan_sources: tailwindcss_oxide::scanner: Discovering "/Users/tiago/Documents/Projetos/Vanessa/gallery/public/brand"
2025-11-22T18:36:02.467469Z  INFO get_globs:scan_sources: tailwindcss_oxide::scanner: Discovering "/Users/tiago/Documents/Projetos/Vanessa/gallery/public/brand/team"
2025-11-22T18:36:02.467528Z  INFO get_globs:scan_sources: tailwindcss_oxide::scanner: Discovering "/Users/tiago/Documents/Projetos/Vanessa/gallery/.github"
2025-11-22T18:36:02.467557Z  INFO get_globs:scan_sources: tailwindcss_oxide::scanner: Discovering "/Users/tiago/Documents/Projetos/Vanessa/gallery/.github/workflows"
2025-11-22T18:36:02.467593Z  INFO get_globs:scan_sources: tailwindcss_oxide::scanner: Discovering "/Users/tiago/Documents/Projetos/Vanessa/gallery/functions"
2025-11-22T18:36:02.467660Z  INFO get_globs:scan_sources: tailwindcss_oxide::scanner: Discovering "/Users/tiago/Documents/Projetos/Vanessa/gallery/functions/lib"
2025-11-22T18:36:02.467696Z  INFO get_globs:scan_sources: tailwindcss_oxide::scanner: Discovering "/Users/tiago/Documents/Projetos/Vanessa/gallery/functions/src"
2025-11-22T18:36:02.467782Z  INFO get_globs:scan_sources: tailwindcss_oxide::scanner: Discovering "/Users/tiago/Documents/Projetos/Vanessa/gallery/test-results"
2025-11-22T18:36:02.467830Z  INFO get_globs:scan_sources: tailwindcss_oxide::scanner: Discovering "/Users/tiago/Documents/Projetos/Vanessa/gallery/src"
2025-11-22T18:36:02.467854Z  INFO get_globs:scan_sources: tailwindcss_oxide::scanner: Discovering "/Users/tiago/Documents/Projetos/Vanessa/gallery/src/locales"
2025-11-22T18:36:02.467888Z  INFO get_globs:scan_sources: tailwindcss_oxide::scanner: Discovering "/Users/tiago/Documents/Projetos/Vanessa/gallery/src/locales/pt"
2025-11-22T18:36:02.467932Z  INFO get_globs:scan_sources: tailwindcss_oxide::scanner: Discovering "/Users/tiago/Documents/Projetos/Vanessa/gallery/src/locales/en"
2025-11-22T18:36:02.467971Z  INFO get_globs:scan_sources: tailwindcss_oxide::scanner: Discovering "/Users/tiago/Documents/Projetos/Vanessa/gallery/src/app"
2025-11-22T18:36:02.468000Z  INFO get_globs:scan_sources: tailwindcss_oxide::scanner: Discovering "/Users/tiago/Documents/Projetos/Vanessa/gallery/src/app/[locale]"
2025-11-22T18:36:02.468025Z  INFO get_globs:scan_sources: tailwindcss_oxide::scanner: Discovering "/Users/tiago/Documents/Projetos/Vanessa/gallery/src/app/[locale]/admin"
2025-11-22T18:36:02.468051Z  INFO get_globs:scan_sources: tailwindcss_oxide::scanner: Discovering "/Users/tiago/Documents/Projetos/Vanessa/gallery/src/app/[locale]/admin/payments"
2025-11-22T18:36:02.468091Z  INFO get_globs:scan_sources: tailwindcss_oxide::scanner: Discovering "/Users/tiago/Documents/Projetos/Vanessa/gallery/src/app/[locale]/admin/public"
2025-11-22T18:36:02.468120Z  INFO get_globs:scan_sources: tailwindcss_oxide::scanner: Discovering "/Users/tiago/Documents/Projetos/Vanessa/gallery/src/app/[locale]/admin/public/list"
2025-11-22T18:36:02.468157Z  INFO get_globs:scan_sources: tailwindcss_oxide::scanner: Discovering "/Users/tiago/Documents/Projetos/Vanessa/gallery/src/app/[locale]/admin/public/upload"
2025-11-22T18:36:02.468203Z  INFO get_globs:scan_sources: tailwindcss_oxide::scanner: Discovering "/Users/tiago/Documents/Projetos/Vanessa/gallery/src/app/[locale]/admin/users"
2025-11-22T18:36:02.468243Z  INFO get_globs:scan_sources: tailwindcss_oxide::scanner: Discovering "/Users/tiago/Documents/Projetos/Vanessa/gallery/src/app/[locale]/admin/highlights"
2025-11-22T18:36:02.468281Z  INFO get_globs:scan_sources: tailwindcss_oxide::scanner: Discovering "/Users/tiago/Documents/Projetos/Vanessa/gallery/src/app/[locale]/admin/categories"
2025-11-22T18:36:02.468311Z  INFO get_globs:scan_sources: tailwindcss_oxide::scanner: Discovering "/Users/tiago/Documents/Projetos/Vanessa/gallery/src/app/[locale]/portofolio"
2025-11-22T18:36:02.468340Z  INFO get_globs:scan_sources: tailwindcss_oxide::scanner: Discovering "/Users/tiago/Documents/Projetos/Vanessa/gallery/src/app/[locale]/sessions"
2025-11-22T18:36:02.468358Z  INFO get_globs:scan_sources: tailwindcss_oxide::scanner: Discovering "/Users/tiago/Documents/Projetos/Vanessa/gallery/src/app/[locale]/sessions/[sessionId]"
2025-11-22T18:36:02.468385Z  INFO get_globs:scan_sources: tailwindcss_oxide::scanner: Discovering "/Users/tiago/Documents/Projetos/Vanessa/gallery/src/app/[locale]/sessions/orders"
2025-11-22T18:36:02.468404Z  INFO get_globs:scan_sources: tailwindcss_oxide::scanner: Discovering "/Users/tiago/Documents/Projetos/Vanessa/gallery/src/app/[locale]/sessions/orders/[orderId]"
2025-11-22T18:36:02.468423Z  INFO get_globs:scan_sources: tailwindcss_oxide::scanner: Discovering "/Users/tiago/Documents/Projetos/Vanessa/gallery/src/app/[locale]/sessions/orders/[orderId]/download"
2025-11-22T18:36:02.468474Z  INFO get_globs:scan_sources: tailwindcss_oxide::scanner: Discovering "/Users/tiago/Documents/Projetos/Vanessa/gallery/src/app/[locale]/login"
2025-11-22T18:36:02.468509Z  INFO get_globs:scan_sources: tailwindcss_oxide::scanner: Discovering "/Users/tiago/Documents/Projetos/Vanessa/gallery/src/app/__tests__"
2025-11-22T18:36:02.468544Z  INFO get_globs:scan_sources: tailwindcss_oxide::scanner: Discovering "/Users/tiago/Documents/Projetos/Vanessa/gallery/src/app/api"
2025-11-22T18:36:02.468569Z  INFO get_globs:scan_sources: tailwindcss_oxide::scanner: Discovering "/Users/tiago/Documents/Projetos/Vanessa/gallery/src/app/api/auth"
2025-11-22T18:36:02.468591Z  INFO get_globs:scan_sources: tailwindcss_oxide::scanner: Discovering "/Users/tiago/Documents/Projetos/Vanessa/gallery/src/app/api/auth/[...nextauth]"
2025-11-22T18:36:02.468617Z  INFO get_globs:scan_sources: tailwindcss_oxide::scanner: Discovering "/Users/tiago/Documents/Projetos/Vanessa/gallery/src/app/api/auth/session"
2025-11-22T18:36:02.468643Z  INFO get_globs:scan_sources: tailwindcss_oxide::scanner: Discovering "/Users/tiago/Documents/Projetos/Vanessa/gallery/src/app/api/storage"
2025-11-22T18:36:02.468671Z  INFO get_globs:scan_sources: tailwindcss_oxide::scanner: Discovering "/Users/tiago/Documents/Projetos/Vanessa/gallery/src/app/api/storage/list"
2025-11-22T18:36:02.468701Z  INFO get_globs:scan_sources: tailwindcss_oxide::scanner: Discovering "/Users/tiago/Documents/Projetos/Vanessa/gallery/src/app/api/storage/sign"
2025-11-22T18:36:02.468723Z  INFO get_globs:scan_sources: tailwindcss_oxide::scanner: Discovering "/Users/tiago/Documents/Projetos/Vanessa/gallery/src/app/api/session-orders"
2025-11-22T18:36:02.468754Z  INFO get_globs:scan_sources: tailwindcss_oxide::scanner: Discovering "/Users/tiago/Documents/Projetos/Vanessa/gallery/src/app/api/session-orders/[orderId]"
2025-11-22T18:36:02.468783Z  INFO get_globs:scan_sources: tailwindcss_oxide::scanner: Discovering "/Users/tiago/Documents/Projetos/Vanessa/gallery/src/app/api/session-orders/[orderId]/confirm"
2025-11-22T18:36:02.468819Z  INFO get_globs:scan_sources: tailwindcss_oxide::scanner: Discovering "/Users/tiago/Documents/Projetos/Vanessa/gallery/src/app/api/session-orders/[orderId]/download"
2025-11-22T18:36:02.468866Z  INFO get_globs:scan_sources: tailwindcss_oxide::scanner: Discovering "/Users/tiago/Documents/Projetos/Vanessa/gallery/src/app/api/session-orders/pending"
2025-11-22T18:36:02.468897Z  INFO get_globs:scan_sources: tailwindcss_oxide::scanner: Discovering "/Users/tiago/Documents/Projetos/Vanessa/gallery/src/app/api/session-photos"
2025-11-22T18:36:02.468927Z  INFO get_globs:scan_sources: tailwindcss_oxide::scanner: Discovering "/Users/tiago/Documents/Projetos/Vanessa/gallery/src/app/api/session-photos/register"
2025-11-22T18:36:02.468961Z  INFO get_globs:scan_sources: tailwindcss_oxide::scanner: Discovering "/Users/tiago/Documents/Projetos/Vanessa/gallery/src/app/api/session-photos/download"
2025-11-22T18:36:02.468997Z  INFO get_globs:scan_sources: tailwindcss_oxide::scanner: Discovering "/Users/tiago/Documents/Projetos/Vanessa/gallery/src/app/api/session-photos/list"
2025-11-22T18:36:02.469030Z  INFO get_globs:scan_sources: tailwindcss_oxide::scanner: Discovering "/Users/tiago/Documents/Projetos/Vanessa/gallery/src/app/api/session-photos/download-all"
2025-11-22T18:36:02.469063Z  INFO get_globs:scan_sources: tailwindcss_oxide::scanner: Discovering "/Users/tiago/Documents/Projetos/Vanessa/gallery/src/app/api/users"
2025-11-22T18:36:02.469092Z  INFO get_globs:scan_sources: tailwindcss_oxide::scanner: Discovering "/Users/tiago/Documents/Projetos/Vanessa/gallery/src/app/api/highlights"
2025-11-22T18:36:02.469116Z  INFO get_globs:scan_sources: tailwindcss_oxide::scanner: Discovering "/Users/tiago/Documents/Projetos/Vanessa/gallery/src/app/api/highlights/update"
2025-11-22T18:36:02.469148Z  INFO get_globs:scan_sources: tailwindcss_oxide::scanner: Discovering "/Users/tiago/Documents/Projetos/Vanessa/gallery/src/app/api/highlights/delete"
2025-11-22T18:36:02.469182Z  INFO get_globs:scan_sources: tailwindcss_oxide::scanner: Discovering "/Users/tiago/Documents/Projetos/Vanessa/gallery/src/app/api/highlights/list"
2025-11-22T18:36:02.469211Z  INFO get_globs:scan_sources: tailwindcss_oxide::scanner: Discovering "/Users/tiago/Documents/Projetos/Vanessa/gallery/src/app/api/highlights/create"
2025-11-22T18:36:02.469243Z  INFO get_globs:scan_sources: tailwindcss_oxide::scanner: Discovering "/Users/tiago/Documents/Projetos/Vanessa/gallery/src/app/api/categories"
2025-11-22T18:36:02.469272Z  INFO get_globs:scan_sources: tailwindcss_oxide::scanner: Discovering "/Users/tiago/Documents/Projetos/Vanessa/gallery/src/app/api/categories/update"
2025-11-22T18:36:02.469297Z  INFO get_globs:scan_sources: tailwindcss_oxide::scanner: Discovering "/Users/tiago/Documents/Projetos/Vanessa/gallery/src/app/api/categories/delete"
2025-11-22T18:36:02.469331Z  INFO get_globs:scan_sources: tailwindcss_oxide::scanner: Discovering "/Users/tiago/Documents/Projetos/Vanessa/gallery/src/app/api/categories/create"
2025-11-22T18:36:02.469354Z  INFO get_globs:scan_sources: tailwindcss_oxide::scanner: Discovering "/Users/tiago/Documents/Projetos/Vanessa/gallery/src/app/api/public-photos"
2025-11-22T18:36:02.469372Z  INFO get_globs:scan_sources: tailwindcss_oxide::scanner: Discovering "/Users/tiago/Documents/Projetos/Vanessa/gallery/src/app/api/public-photos/delete"
2025-11-22T18:36:02.469398Z  INFO get_globs:scan_sources: tailwindcss_oxide::scanner: Discovering "/Users/tiago/Documents/Projetos/Vanessa/gallery/src/app/api/public-photos/delete-all"
2025-11-22T18:36:02.469427Z  INFO get_globs:scan_sources: tailwindcss_oxide::scanner: Discovering "/Users/tiago/Documents/Projetos/Vanessa/gallery/src/app/api/public-photos/list"
2025-11-22T18:36:02.469466Z  INFO get_globs:scan_sources: tailwindcss_oxide::scanner: Discovering "/Users/tiago/Documents/Projetos/Vanessa/gallery/src/app/api/public-photos/create"
2025-11-22T18:36:02.469507Z  INFO get_globs:scan_sources: tailwindcss_oxide::scanner: Discovering "/Users/tiago/Documents/Projetos/Vanessa/gallery/src/app/api/upload"
2025-11-22T18:36:02.469533Z  INFO get_globs:scan_sources: tailwindcss_oxide::scanner: Discovering "/Users/tiago/Documents/Projetos/Vanessa/gallery/src/app/api/upload/sequence"
2025-11-22T18:36:02.469561Z  INFO get_globs:scan_sources: tailwindcss_oxide::scanner: Discovering "/Users/tiago/Documents/Projetos/Vanessa/gallery/src/test"
2025-11-22T18:36:02.469585Z  INFO get_globs:scan_sources: tailwindcss_oxide::scanner: Discovering "/Users/tiago/Documents/Projetos/Vanessa/gallery/src/styles"
2025-11-22T18:36:02.469607Z  INFO get_globs:scan_sources: tailwindcss_oxide::scanner: Discovering "/Users/tiago/Documents/Projetos/Vanessa/gallery/src/styles/shared"
2025-11-22T18:36:02.469629Z  INFO get_globs:scan_sources: tailwindcss_oxide::scanner: Discovering "/Users/tiago/Documents/Projetos/Vanessa/gallery/src/styles/shared/navbar"
2025-11-22T18:36:02.469663Z  INFO get_globs:scan_sources: tailwindcss_oxide::scanner: Discovering "/Users/tiago/Documents/Projetos/Vanessa/gallery/src/styles/shared/hero"
2025-11-22T18:36:02.469696Z  INFO get_globs:scan_sources: tailwindcss_oxide::scanner: Discovering "/Users/tiago/Documents/Projetos/Vanessa/gallery/src/components"
2025-11-22T18:36:02.469723Z  INFO get_globs:scan_sources: tailwindcss_oxide::scanner: Discovering "/Users/tiago/Documents/Projetos/Vanessa/gallery/src/components/ui"
2025-11-22T18:36:02.469747Z  INFO get_globs:scan_sources: tailwindcss_oxide::scanner: Discovering "/Users/tiago/Documents/Projetos/Vanessa/gallery/src/components/ui/auth"
2025-11-22T18:36:02.469808Z  INFO get_globs:scan_sources: tailwindcss_oxide::scanner: Discovering "/Users/tiago/Documents/Projetos/Vanessa/gallery/src/components/sections"
2025-11-22T18:36:02.469837Z  INFO get_globs:scan_sources: tailwindcss_oxide::scanner: Discovering "/Users/tiago/Documents/Projetos/Vanessa/gallery/src/components/sections/portofolio"
2025-11-22T18:36:02.469880Z  INFO get_globs:scan_sources: tailwindcss_oxide::scanner: Discovering "/Users/tiago/Documents/Projetos/Vanessa/gallery/src/components/sections/team"
2025-11-22T18:36:02.469910Z  INFO get_globs:scan_sources: tailwindcss_oxide::scanner: Discovering "/Users/tiago/Documents/Projetos/Vanessa/gallery/src/components/sections/conatct"
2025-11-22T18:36:02.469941Z  INFO get_globs:scan_sources: tailwindcss_oxide::scanner: Discovering "/Users/tiago/Documents/Projetos/Vanessa/gallery/src/components/admin"
2025-11-22T18:36:02.469970Z  INFO get_globs:scan_sources: tailwindcss_oxide::scanner: Discovering "/Users/tiago/Documents/Projetos/Vanessa/gallery/src/components/admin/adapters"
2025-11-22T18:36:02.470005Z  INFO get_globs:scan_sources: tailwindcss_oxide::scanner: Discovering "/Users/tiago/Documents/Projetos/Vanessa/gallery/src/components/reactBits"
2025-11-22T18:36:02.470037Z  INFO get_globs:scan_sources: tailwindcss_oxide::scanner: Discovering "/Users/tiago/Documents/Projetos/Vanessa/gallery/src/components/reactBits/glareHover"
2025-11-22T18:36:02.470063Z  INFO get_globs:scan_sources: tailwindcss_oxide::scanner: Discovering "/Users/tiago/Documents/Projetos/Vanessa/gallery/src/components/reactBits/TextType"
2025-11-22T18:36:02.470098Z  INFO get_globs:scan_sources: tailwindcss_oxide::scanner: Discovering "/Users/tiago/Documents/Projetos/Vanessa/gallery/src/components/reactBits/ImageTrail"
2025-11-22T18:36:02.470127Z  INFO get_globs:scan_sources: tailwindcss_oxide::scanner: Discovering "/Users/tiago/Documents/Projetos/Vanessa/gallery/src/components/reactBits/Masonry"
2025-11-22T18:36:02.470160Z  INFO get_globs:scan_sources: tailwindcss_oxide::scanner: Discovering "/Users/tiago/Documents/Projetos/Vanessa/gallery/src/components/shared"
2025-11-22T18:36:02.470182Z  INFO get_globs:scan_sources: tailwindcss_oxide::scanner: Discovering "/Users/tiago/Documents/Projetos/Vanessa/gallery/src/components/shared/navbar"
2025-11-22T18:36:02.470212Z  INFO get_globs:scan_sources: tailwindcss_oxide::scanner: Discovering "/Users/tiago/Documents/Projetos/Vanessa/gallery/src/components/storage"
2025-11-22T18:36:02.470243Z  INFO get_globs:scan_sources: tailwindcss_oxide::scanner: Discovering "/Users/tiago/Documents/Projetos/Vanessa/gallery/src/components/sessions"
2025-11-22T18:36:02.470267Z  INFO get_globs:scan_sources: tailwindcss_oxide::scanner: Discovering "/Users/tiago/Documents/Projetos/Vanessa/gallery/src/components/portfolio"
2025-11-22T18:36:02.470287Z  INFO get_globs:scan_sources: tailwindcss_oxide::scanner: Discovering "/Users/tiago/Documents/Projetos/Vanessa/gallery/src/components/hero"
2025-11-22T18:36:02.470311Z  INFO get_globs:scan_sources: tailwindcss_oxide::scanner: Discovering "/Users/tiago/Documents/Projetos/Vanessa/gallery/src/hooks"
2025-11-22T18:36:02.470330Z  INFO get_globs:scan_sources: tailwindcss_oxide::scanner: Discovering "/Users/tiago/Documents/Projetos/Vanessa/gallery/src/lib"
2025-11-22T18:36:02.470347Z  INFO get_globs:scan_sources: tailwindcss_oxide::scanner: Discovering "/Users/tiago/Documents/Projetos/Vanessa/gallery/src/lib/admin"
2025-11-22T18:36:02.470372Z  INFO get_globs:scan_sources: tailwindcss_oxide::scanner: Discovering "/Users/tiago/Documents/Projetos/Vanessa/gallery/src/lib/storage"
2025-11-22T18:36:02.470393Z  INFO get_globs:scan_sources: tailwindcss_oxide::scanner: Discovering "/Users/tiago/Documents/Projetos/Vanessa/gallery/src/lib/firebase"
2025-11-22T18:36:02.470434Z  INFO get_globs:scan_sources: tailwindcss_oxide::scanner: Discovering "/Users/tiago/Documents/Projetos/Vanessa/gallery/src/lib/sessions"
2025-11-22T18:36:02.470496Z  INFO get_globs:scan_sources: tailwindcss_oxide::scanner: Discovering "/Users/tiago/Documents/Projetos/Vanessa/gallery/src/i18n"
2025-11-22T18:36:02.470554Z  INFO get_globs:scan_sources: tailwindcss_oxide::scanner: exit
2025-11-22T18:36:02.473166Z  INFO get_globs: tailwindcss_oxide::scanner: exit
